#
# A fatal error has been detected by the Java Runtime Environment:
#
#  EXCEPTION_ACCESS_VIOLATION (0xc0000005) at pc=0x00007ffb493550c6, pid=33916, tid=36240
#
# JRE version: OpenJDK Runtime Environment AdoptOpenJDK-dcevm-11.0.15+1-202204281500 (11.0.15+1) (build 11.0.15+1-202204281500)
# Java VM: Dynamic Code Evolution 64-Bit Server VM AdoptOpenJDK-dcevm-11.0.15+1-202204281500 (11.0.15+1-202204281500, mixed mode, tiered, compressed oops, g1 gc, windows-amd64)
# Problematic frame:
# V  [jvm.dll+0x4a50c6]
#
# No core dump will be written. Minidumps are not enabled by default on client versions of Windows
#
# If you would like to submit a bug report, please visit:
#   https://github.com/AdoptOpenJDK/openjdk-support/issues
#

---------------  S U M M A R Y ------------

Command Line: -agentlib:jdwp=transport=dt_socket,address=127.0.0.1:61672,suspend=y,server=n -javaagent:C:\Users\olli-pekka.lehtokall\AppData\Local\JetBrains\IdeaIC2024.1\captureAgent\debugger-agent.jar -Dfile.encoding=UTF-8 fi.vm.sade.eperusteet.EperusteetApplication

Host: Intel(R) Core(TM) i9-10885H CPU @ 2.40GHz, 16 cores, 31G,  Windows 10 , 64 bit Build 19041 (10.0.19041.4957)
Time: Mon Nov 18 19:41:53 2024 FLE Standard Time elapsed time: 274394.648554 seconds (3d 4h 13m 14s)

---------------  T H R E A D  ---------------

Current thread (0x000002ab7cfec000):  JavaThread "JDWP Transport Listener: dt_socket" daemon [_thread_in_vm, id=36240, stack(0x000000e6f2100000,0x000000e6f2200000)]

Stack: [0x000000e6f2100000,0x000000e6f2200000],  sp=0x000000e6f21fe9e0,  free space=1018k
Native frames: (J=compiled Java code, j=interpreted, Vv=VM code, C=native code)
V  [jvm.dll+0x4a50c6]
V  [jvm.dll+0x4a663f]
V  [jvm.dll+0x4a5ed4]
V  [jvm.dll+0x79530a]
V  [jvm.dll+0x4ee2bc]
V  [jvm.dll+0x4b2f32]
C  [jdwp.dll+0xa0d0]


siginfo: EXCEPTION_ACCESS_VIOLATION (0xc0000005), reading address 0x0000000000000000


Register to memory mapping:

RIP=0x00007ffb493550c6 jvm.dll
RAX=0x000000e6f21feae0 is pointing into the stack for thread: 0x000002ab7cfec000
RBX=0x000000e6f21ff180 is pointing into the stack for thread: 0x000002ab7cfec000
RCX=0x0031043ba61f0000 is an unknown value
RDX=0x0 is NULL
RSP=0x000000e6f21fe9e0 is pointing into the stack for thread: 0x000002ab7cfec000
RBP=0x000000e6f21feae0 is pointing into the stack for thread: 0x000002ab7cfec000
RSI=0x0 is NULL
RDI=0x00000006044d5908 is an oop: java.security.ProtectionDomain 
{0x00000006044d5908} - klass: 'java/security/ProtectionDomain'
R8 =0x0 is NULL
R9 =0x00007ffbc0010000 ucrtbase.dll
R10=0x000000e6f21fdf14 is pointing into the stack for thread: 0x000002ab7cfec000
R11=0x000002ab558eb0ea points into unknown readable memory: 34 39 31 39 5d 00
R12=0x0 is NULL
R13=0x0 is NULL
R14=0x0 is NULL
R15=0x00000008005ea068 is a pointer to class: 
fi.vm.sade.eperusteet.domain.ProjektiTila$5 {0x00000008005ea070}


Registers:
RAX=0x000000e6f21feae0, RBX=0x000000e6f21ff180, RCX=0x0031043ba61f0000, RDX=0x0000000000000000
RSP=0x000000e6f21fe9e0, RBP=0x000000e6f21feae0, RSI=0x0000000000000000, RDI=0x00000006044d5908
R8 =0x0000000000000000, R9 =0x00007ffbc0010000, R10=0x000000e6f21fdf14, R11=0x000002ab558eb0ea
R12=0x0000000000000000, R13=0x0000000000000000, R14=0x0000000000000000, R15=0x00000008005ea068
RIP=0x00007ffb493550c6, EFLAGS=0x0000000000010246

Top of Stack: (sp=0x000000e6f21fe9e0)
0x000000e6f21fe9e0:   000000e6f21ff180 000002ab7cfec000
0x000000e6f21fe9f0:   000002ab7cfec000 0000000000000020
0x000000e6f21fea00:   000002ab1e168cd0 0000000000000000
0x000000e6f21fea10:   0000000000000000 00007ffb00000000
0x000000e6f21fea20:   000002ab53e60001 000002ab7cfec000
0x000000e6f21fea30:   0000000200000000 0000000000000000
0x000000e6f21fea40:   0000000000000014 000002ab7ce76120
0x000000e6f21fea50:   000000e6f21ff180 000002ab00000000
0x000000e6f21fea60:   000002ab7cfea0a0 000002ab53e60000
0x000000e6f21fea70:   000002ab53e602a4 0000000000000000
0x000000e6f21fea80:   0000000000000010 000002ab7cfec000
0x000000e6f21fea90:   000002ab7ce76110 00000000000003d8
0x000000e6f21feaa0:   000002ab7ce76120 000002ab7ce764f8
0x000000e6f21feab0:   00007ffb49725470 000002ab10690d90
0x000000e6f21feac0:   000002ab1069130a 000002ab10690d98
0x000000e6f21fead0:   00007ffb4976da70 00007ffbc239b301 

Instructions: (pc=0x00007ffb493550c6)
0x00007ffb49354fc6:   ff 48 8b 55 40 48 85 d2 0f 84 ec 00 00 00 48 8b
0x00007ffb49354fd6:   43 70 33 c9 4c 63 00 45 85 c0 0f 8e da 00 00 00
0x00007ffb49354fe6:   48 8b 40 18 66 0f 1f 44 00 00 48 39 10 74 11 48
0x00007ffb49354ff6:   ff c1 48 83 c0 08 49 3b c8 7c ef e9 ba 00 00 00
0x00007ffb49355006:   8b 4c 24 50 8b 44 24 54 48 89 55 88 4c 89 7d 90
0x00007ffb49355016:   3b c8 0f 85 88 00 00 00 8b d0 85 c0 75 0b b8 01
0x00007ffb49355026:   00 00 00 89 44 24 54 8b d0 3b ca 7c 0a 03 c0 3b
0x00007ffb49355036:   c8 7d fa 89 44 24 54 ba 10 00 00 00 48 8d 4c 24
0x00007ffb49355046:   50 e8 b4 d5 eb ff 8b 4c 24 50 45 33 c0 48 8b d8
0x00007ffb49355056:   85 c9 7e 25 33 d2 0f 1f 40 00 48 8b 4c 24 68 48
0x00007ffb49355066:   8d 52 10 41 ff c0 0f 10 44 11 f0 0f 11 44 02 f0
0x00007ffb49355076:   8b 4c 24 50 44 3b c1 7c e1 48 83 7c 24 58 01 75
0x00007ffb49355086:   18 48 8b 54 24 68 48 85 d2 74 0e 48 8d 4c 24 50
0x00007ffb49355096:   e8 75 38 d5 ff 8b 4c 24 50 48 89 5c 24 68 eb 05
0x00007ffb493550a6:   48 8b 5c 24 68 0f 10 45 88 8d 41 01 89 44 24 50
0x00007ffb493550b6:   48 63 c1 48 03 c0 0f 11 04 c3 4c 8b 75 78 33 f6
0x00007ffb493550c6:   41 39 36 0f 8e 15 01 00 00 4c 8b 6c 24 70 49 8d
0x00007ffb493550d6:   7e 08 0f 1f 84 00 00 00 00 00 48 8b 17 48 85 d2
0x00007ffb493550e6:   0f 84 e4 00 00 00 49 8b 45 70 33 c9 4c 63 00 45
0x00007ffb493550f6:   85 c0 0f 8e d2 00 00 00 48 8b 40 18 48 39 10 74
0x00007ffb49355106:   11 48 ff c1 48 83 c0 08 49 3b c8 7c ef e9 b8 00
0x00007ffb49355116:   00 00 8b 4c 24 50 8b 44 24 54 48 89 55 98 4c 89
0x00007ffb49355126:   7d a0 3b c8 0f 85 86 00 00 00 8b d0 85 c0 75 0b
0x00007ffb49355136:   b8 01 00 00 00 89 44 24 54 8b d0 3b ca 7c 0a 03
0x00007ffb49355146:   c0 3b c8 7d fa 89 44 24 54 ba 10 00 00 00 48 8d
0x00007ffb49355156:   4c 24 50 e8 a2 d4 eb ff 8b 4c 24 50 45 33 c0 48
0x00007ffb49355166:   8b d8 85 c9 7e 23 33 d2 66 90 48 8b 4c 24 68 48
0x00007ffb49355176:   8d 52 10 41 ff c0 0f 10 44 11 f0 0f 11 44 02 f0
0x00007ffb49355186:   8b 4c 24 50 44 3b c1 7c e1 48 83 7c 24 58 01 75
0x00007ffb49355196:   18 48 8b 54 24 68 48 85 d2 74 0e 48 8d 4c 24 50
0x00007ffb493551a6:   e8 65 37 d5 ff 8b 4c 24 50 48 89 5c 24 68 eb 05
0x00007ffb493551b6:   48 8b 5c 24 68 0f 10 45 98 8d 41 01 89 44 24 50 


Stack slot to memory mapping:
stack at sp + 0 slots: 0x000000e6f21ff180 is pointing into the stack for thread: 0x000002ab7cfec000
stack at sp + 1 slots: 0x000002ab7cfec000 is a thread
stack at sp + 2 slots: 0x000002ab7cfec000 is a thread
stack at sp + 3 slots: 0x0000000000000020 is an unknown value
stack at sp + 4 slots: 0x000002ab1e168cd0 points into unknown readable memory: 0x00000006044d5908 | 08 59 4d 04 06 00 00 00
stack at sp + 5 slots: 0x0 is NULL
stack at sp + 6 slots: 0x0 is NULL
stack at sp + 7 slots: 0x00007ffb00000000 is an unknown value


---------------  P R O C E S S  ---------------

Threads class SMR info:
_java_thread_list=0x000002ab1d818f80, length=33, elements={
0x000002ab7c240000, 0x000002ab7c26a000, 0x000002ab7c2ba800, 0x000002ab7c2bb800,
0x000002ab7c2bd800, 0x000002ab7c2c2000, 0x000002ab7c2c3000, 0x000002ab7c2c4000,
0x000002ab7c202800, 0x000002ab7cfec000, 0x000002ab7cfef800, 0x000002ab7d145000,
0x000002ab0ac9a000, 0x000002ab1c7a3800, 0x000002ab1c79e800, 0x000002ab1c7a5800,
0x000002ab1c7a1000, 0x000002ab1c79f800, 0x000002ab1c7a7000, 0x000002ab1c7a3000,
0x000002ab1c7a7800, 0x000002ab1c7a8800, 0x000002ab1c7a6000, 0x000002ab1c7a9800,
0x000002ab1c7ad800, 0x000002ab1c7aa000, 0x000002ab1c7ab000, 0x000002ab1c7ac000,
0x000002ab1c7ac800, 0x000002ab0dd37800, 0x000002ab0dd33800, 0x000002ab0efb3800,
0x000002ab0efb5000
}

Java Threads: ( => current thread )
  0x000002ab7c240000 JavaThread "Reference Handler" daemon [_thread_blocked, id=26984, stack(0x000000e6f1600000,0x000000e6f1700000)]
  0x000002ab7c26a000 JavaThread "Finalizer" daemon [_thread_blocked, id=4352, stack(0x000000e6f1700000,0x000000e6f1800000)]
  0x000002ab7c2ba800 JavaThread "Signal Dispatcher" daemon [_thread_blocked, id=20452, stack(0x000000e6f1800000,0x000000e6f1900000)]
  0x000002ab7c2bb800 JavaThread "Attach Listener" daemon [_thread_blocked, id=22440, stack(0x000000e6f1900000,0x000000e6f1a00000)]
  0x000002ab7c2bd800 JavaThread "Service Thread" daemon [_thread_blocked, id=29484, stack(0x000000e6f1a00000,0x000000e6f1b00000)]
  0x000002ab7c2c2000 JavaThread "C2 CompilerThread0" daemon [_thread_blocked, id=30644, stack(0x000000e6f1b00000,0x000000e6f1c00000)]
  0x000002ab7c2c3000 JavaThread "C1 CompilerThread0" daemon [_thread_blocked, id=35712, stack(0x000000e6f1c00000,0x000000e6f1d00000)]
  0x000002ab7c2c4000 JavaThread "Sweeper thread" daemon [_thread_blocked, id=21008, stack(0x000000e6f1d00000,0x000000e6f1e00000)]
  0x000002ab7c202800 JavaThread "Common-Cleaner" daemon [_thread_blocked, id=25400, stack(0x000000e6f1e00000,0x000000e6f1f00000)]
=>0x000002ab7cfec000 JavaThread "JDWP Transport Listener: dt_socket" daemon [_thread_in_vm, id=36240, stack(0x000000e6f2100000,0x000000e6f2200000)]
  0x000002ab7cfef800 JavaThread "JDWP Event Helper Thread" daemon [_thread_blocked, id=5724, stack(0x000000e6f2200000,0x000000e6f2300000)]
  0x000002ab7d145000 JavaThread "JDWP Command Reader" daemon [_thread_in_native, id=37672, stack(0x000000e6f2300000,0x000000e6f2400000)]
  0x000002ab0ac9a000 JavaThread "HikariPool-1 housekeeper" daemon [_thread_blocked, id=34436, stack(0x000000e6f3b00000,0x000000e6f3c00000)]
  0x000002ab1c7a3800 JavaThread "Catalina-utility-1" [_thread_blocked, id=1884, stack(0x000000e6f3d00000,0x000000e6f3e00000)]
  0x000002ab1c79e800 JavaThread "Catalina-utility-2" [_thread_blocked, id=21056, stack(0x000000e6f3e00000,0x000000e6f3f00000)]
  0x000002ab1c7a5800 JavaThread "container-0" [_thread_blocked, id=37200, stack(0x000000e6f3f00000,0x000000e6f4000000)]
  0x000002ab1c7a1000 JavaThread "HEARTBEAT-0" daemon [_thread_blocked, id=23440, stack(0x000000e6f3300000,0x000000e6f3400000)]
  0x000002ab1c79f800 JavaThread "http-nio-8080-exec-1" daemon [_thread_blocked, id=32680, stack(0x000000e6f4000000,0x000000e6f4100000)]
  0x000002ab1c7a7000 JavaThread "http-nio-8080-exec-2" daemon [_thread_blocked, id=29440, stack(0x000000e6f4100000,0x000000e6f4200000)]
  0x000002ab1c7a3000 JavaThread "http-nio-8080-exec-3" daemon [_thread_blocked, id=10444, stack(0x000000e6f4200000,0x000000e6f4300000)]
  0x000002ab1c7a7800 JavaThread "http-nio-8080-exec-4" daemon [_thread_blocked, id=31896, stack(0x000000e6f4300000,0x000000e6f4400000)]
  0x000002ab1c7a8800 JavaThread "http-nio-8080-exec-5" daemon [_thread_blocked, id=27212, stack(0x000000e6f4400000,0x000000e6f4500000)]
  0x000002ab1c7a6000 JavaThread "http-nio-8080-exec-6" daemon [_thread_blocked, id=31348, stack(0x000000e6f4500000,0x000000e6f4600000)]
  0x000002ab1c7a9800 JavaThread "http-nio-8080-exec-7" daemon [_thread_blocked, id=29280, stack(0x000000e6f4600000,0x000000e6f4700000)]
  0x000002ab1c7ad800 JavaThread "http-nio-8080-exec-8" daemon [_thread_blocked, id=29204, stack(0x000000e6f4700000,0x000000e6f4800000)]
  0x000002ab1c7aa000 JavaThread "http-nio-8080-exec-9" daemon [_thread_blocked, id=15636, stack(0x000000e6f4800000,0x000000e6f4900000)]
  0x000002ab1c7ab000 JavaThread "http-nio-8080-exec-10" daemon [_thread_blocked, id=25512, stack(0x000000e6f4900000,0x000000e6f4a00000)]
  0x000002ab1c7ac000 JavaThread "http-nio-8080-Poller" daemon [_thread_in_native, id=36940, stack(0x000000e6f4a00000,0x000000e6f4b00000)]
  0x000002ab1c7ac800 JavaThread "http-nio-8080-Acceptor" daemon [_thread_in_native, id=31624, stack(0x000000e6f4b00000,0x000000e6f4c00000)]
  0x000002ab0dd37800 JavaThread "ThreadPoolTaskScheduler-1" [_thread_blocked, id=1084, stack(0x000000e6f4e00000,0x000000e6f4f00000)]
  0x000002ab0dd33800 JavaThread "DestroyJavaVM" [_thread_blocked, id=29868, stack(0x000000e6f0f00000,0x000000e6f1000000)]
  0x000002ab0efb3800 JavaThread "HikariPool-1 connection closer" daemon [_thread_blocked, id=23612, stack(0x000000e6f0c00000,0x000000e6f0d00000)]
  0x000002ab0efb5000 JavaThread "HikariPool-1 connection adder" daemon [_thread_blocked, id=37256, stack(0x000000e6f0d00000,0x000000e6f0e00000)]

Other Threads:
  0x000002ab7c23f000 VMThread "VM Thread" [stack: 0x000000e6f1500000,0x000000e6f1600000] [id=7624]
  0x000002ab7cf81800 WatcherThread [stack: 0x000000e6f2400000,0x000000e6f2500000] [id=25780]
  0x000002ab55905000 GCTaskThread "GC Thread#0" [stack: 0x000000e6f1000000,0x000000e6f1100000] [id=18988]
  0x000002ab7da6a800 GCTaskThread "GC Thread#1" [stack: 0x000000e6f2600000,0x000000e6f2700000] [id=28616]
  0x000002ab7d657000 GCTaskThread "GC Thread#2" [stack: 0x000000e6f2700000,0x000000e6f2800000] [id=34340]
  0x000002ab7daa4800 GCTaskThread "GC Thread#3" [stack: 0x000000e6f2800000,0x000000e6f2900000] [id=8968]
  0x000002ab7e203800 GCTaskThread "GC Thread#4" [stack: 0x000000e6f2900000,0x000000e6f2a00000] [id=36848]
  0x000002ab7e200000 GCTaskThread "GC Thread#5" [stack: 0x000000e6f2a00000,0x000000e6f2b00000] [id=5656]
  0x000002ab7e200800 GCTaskThread "GC Thread#6" [stack: 0x000000e6f2b00000,0x000000e6f2c00000] [id=23864]
  0x000002ab7e202000 GCTaskThread "GC Thread#7" [stack: 0x000000e6f2c00000,0x000000e6f2d00000] [id=32444]
  0x000002ab7e1fd000 GCTaskThread "GC Thread#8" [stack: 0x000000e6f2d00000,0x000000e6f2e00000] [id=32420]
  0x000002ab7e1fe000 GCTaskThread "GC Thread#9" [stack: 0x000000e6f2e00000,0x000000e6f2f00000] [id=32820]
  0x000002ab7e204800 GCTaskThread "GC Thread#10" [stack: 0x000000e6f2f00000,0x000000e6f3000000] [id=6160]
  0x000002ab7e201800 GCTaskThread "GC Thread#11" [stack: 0x000000e6f3000000,0x000000e6f3100000] [id=35212]
  0x000002ab1c6e7800 GCTaskThread "GC Thread#12" [stack: 0x000000e6f3c00000,0x000000e6f3d00000] [id=24628]
  0x000002ab5598f000 ConcurrentGCThread "G1 Main Marker" [stack: 0x000000e6f1100000,0x000000e6f1200000] [id=11232]
  0x000002ab55992800 ConcurrentGCThread "G1 Conc#0" [stack: 0x000000e6f1200000,0x000000e6f1300000] [id=26712]
  0x000002ab7e203000 ConcurrentGCThread "G1 Conc#1" [stack: 0x000000e6f3500000,0x000000e6f3600000] [id=37668]
  0x000002ab7e1fe800 ConcurrentGCThread "G1 Conc#2" [stack: 0x000000e6f3600000,0x000000e6f3700000] [id=36272]
  0x000002ab7b4f8800 ConcurrentGCThread "G1 Refine#0" [stack: 0x000000e6f1300000,0x000000e6f1400000] [id=25376]
  0x000002ab1c6f1000 ConcurrentGCThread "G1 Refine#1" [stack: 0x000000e6f4c00000,0x000000e6f4d00000] [id=13336]
  0x000002ab1c6f6000 ConcurrentGCThread "G1 Refine#2" [stack: 0x000000e6f4d00000,0x000000e6f4e00000] [id=36596]
  0x000002ab7e1ff000 ConcurrentGCThread "G1 Refine#3" [stack: 0x000000e6f3900000,0x000000e6f3a00000] [id=31380]
  0x000002ab137e1800 ConcurrentGCThread "G1 Refine#4" [stack: 0x000000e6f0e00000,0x000000e6f0f00000] [id=31288]
  0x000002ab137e8000 ConcurrentGCThread "G1 Refine#5" [stack: 0x000000e6f1f00000,0x000000e6f2000000] [id=17292]
  0x000002ab7b4f9800 ConcurrentGCThread "G1 Young RemSet Sampling" [stack: 0x000000e6f1400000,0x000000e6f1500000] [id=4548]

Threads with active compile tasks:

VM state:not at safepoint (normal execution)

VM Mutex/Monitor currently owned by a thread:  ([mutex/lock_event])
[0x000002ab558efa60] EnhancedRedefineClasses_lock - owner thread: 0x000002ab7cfec000

Heap address: 0x0000000603c00000, size: 8132 MB, Compressed Oops mode: Zero based, Oop shift amount: 3
Narrow klass base: 0x0000000800000000, Narrow klass shift: 0
Compressed class space size: 1073741824 Address: 0x0000000800000000

Heap:
 garbage-first heap   total 626688K, used 317440K [0x0000000603c00000, 0x0000000800000000)
  region size 2048K, 37 young (75776K), 9 survivors (18432K)
 Metaspace       used 152635K, capacity 155886K, committed 157440K, reserved 1187840K
  class space    used 17291K, capacity 18486K, committed 18944K, reserved 1048576K
Heap Regions: E=young(eden), S=young(survivor), O=old, HS=humongous(starts), HC=humongous(continues), CS=collection set, F=free, A=archive, TAMS=top-at-mark-start (previous, next)
|   0|0x0000000603c00000, 0x0000000603e00000, 0x0000000603e00000|100%| O|  |TAMS 0x0000000603e00000, 0x0000000603c00000| Untracked 
|   1|0x0000000603e00000, 0x0000000604000000, 0x0000000604000000|100%| O|  |TAMS 0x0000000604000000, 0x0000000603e00000| Complete 
|   2|0x0000000604000000, 0x0000000604200000, 0x0000000604200000|100%| O|  |TAMS 0x0000000604200000, 0x0000000604000000| Untracked 
|   3|0x0000000604200000, 0x0000000604400000, 0x0000000604400000|100%| O|  |TAMS 0x0000000604400000, 0x0000000604200000| Complete 
|   4|0x0000000604400000, 0x0000000604600000, 0x0000000604600000|100%| O|  |TAMS 0x0000000604600000, 0x0000000604400000| Untracked 
|   5|0x0000000604600000, 0x0000000604800000, 0x0000000604800000|100%| O|  |TAMS 0x0000000604800000, 0x0000000604600000| Complete 
|   6|0x0000000604800000, 0x0000000604a00000, 0x0000000604a00000|100%| O|  |TAMS 0x0000000604a00000, 0x0000000604800000| Complete 
|   7|0x0000000604a00000, 0x0000000604c00000, 0x0000000604c00000|100%| O|  |TAMS 0x0000000604c00000, 0x0000000604a00000| Complete 
|   8|0x0000000604c00000, 0x0000000604e00000, 0x0000000604e00000|100%| O|  |TAMS 0x0000000604e00000, 0x0000000604c00000| Complete 
|   9|0x0000000604e00000, 0x0000000605000000, 0x0000000605000000|100%| O|  |TAMS 0x0000000605000000, 0x0000000604e00000| Complete 
|  10|0x0000000605000000, 0x0000000605200000, 0x0000000605200000|100%| O|  |TAMS 0x0000000605200000, 0x0000000605000000| Complete 
|  11|0x0000000605200000, 0x0000000605400000, 0x0000000605400000|100%| O|  |TAMS 0x0000000605400000, 0x0000000605200000| Complete 
|  12|0x0000000605400000, 0x0000000605600000, 0x0000000605600000|100%| O|  |TAMS 0x0000000605600000, 0x0000000605400000| Complete 
|  13|0x0000000605600000, 0x0000000605800000, 0x0000000605800000|100%| O|  |TAMS 0x0000000605800000, 0x0000000605600000| Complete 
|  14|0x0000000605800000, 0x0000000605a00000, 0x0000000605a00000|100%| O|  |TAMS 0x0000000605a00000, 0x0000000605800000| Complete 
|  15|0x0000000605a00000, 0x0000000605c00000, 0x0000000605c00000|100%| O|  |TAMS 0x0000000605c00000, 0x0000000605a00000| Untracked 
|  16|0x0000000605c00000, 0x0000000605e00000, 0x0000000605e00000|100%| O|  |TAMS 0x0000000605e00000, 0x0000000605c00000| Untracked 
|  17|0x0000000605e00000, 0x0000000606000000, 0x0000000606000000|100%| O|  |TAMS 0x0000000606000000, 0x0000000605e00000| Complete 
|  18|0x0000000606000000, 0x0000000606200000, 0x0000000606200000|100%| O|  |TAMS 0x0000000606200000, 0x0000000606000000| Complete 
|  19|0x0000000606200000, 0x0000000606400000, 0x0000000606400000|100%| O|  |TAMS 0x0000000606400000, 0x0000000606200000| Complete 
|  20|0x0000000606400000, 0x0000000606600000, 0x0000000606600000|100%| O|  |TAMS 0x0000000606600000, 0x0000000606400000| Complete 
|  21|0x0000000606600000, 0x0000000606800000, 0x0000000606800000|100%| O|  |TAMS 0x0000000606800000, 0x0000000606600000| Untracked 
|  22|0x0000000606800000, 0x0000000606a00000, 0x0000000606a00000|100%| O|  |TAMS 0x0000000606a00000, 0x0000000606800000| Complete 
|  23|0x0000000606a00000, 0x0000000606c00000, 0x0000000606c00000|100%| O|  |TAMS 0x0000000606c00000, 0x0000000606a00000| Complete 
|  24|0x0000000606c00000, 0x0000000606e00000, 0x0000000606e00000|100%| O|  |TAMS 0x0000000606e00000, 0x0000000606c00000| Untracked 
|  25|0x0000000606e00000, 0x0000000607000000, 0x0000000607000000|100%| O|  |TAMS 0x0000000607000000, 0x0000000606e00000| Untracked 
|  26|0x0000000607000000, 0x0000000607200000, 0x0000000607200000|100%| O|  |TAMS 0x0000000607200000, 0x0000000607000000| Complete 
|  27|0x0000000607200000, 0x0000000607400000, 0x0000000607400000|100%| O|  |TAMS 0x0000000607400000, 0x0000000607200000| Complete 
|  28|0x0000000607400000, 0x0000000607600000, 0x0000000607600000|100%| O|  |TAMS 0x0000000607600000, 0x0000000607400000| Complete 
|  29|0x0000000607600000, 0x0000000607800000, 0x0000000607800000|100%| O|  |TAMS 0x0000000607800000, 0x0000000607600000| Untracked 
|  30|0x0000000607800000, 0x0000000607a00000, 0x0000000607a00000|100%| O|  |TAMS 0x0000000607a00000, 0x0000000607800000| Untracked 
|  31|0x0000000607a00000, 0x0000000607c00000, 0x0000000607c00000|100%| O|  |TAMS 0x0000000607c00000, 0x0000000607a00000| Complete 
|  32|0x0000000607c00000, 0x0000000607e00000, 0x0000000607e00000|100%| O|  |TAMS 0x0000000607e00000, 0x0000000607c00000| Complete 
|  33|0x0000000607e00000, 0x0000000608000000, 0x0000000608000000|100%| O|  |TAMS 0x0000000608000000, 0x0000000607e00000| Untracked 
|  34|0x0000000608000000, 0x0000000608200000, 0x0000000608200000|100%| O|  |TAMS 0x0000000608200000, 0x0000000608000000| Complete 
|  35|0x0000000608200000, 0x0000000608400000, 0x0000000608400000|100%| O|  |TAMS 0x0000000608400000, 0x0000000608200000| Complete 
|  36|0x0000000608400000, 0x0000000608600000, 0x0000000608600000|100%| O|  |TAMS 0x0000000608600000, 0x0000000608400000| Complete 
|  37|0x0000000608600000, 0x0000000608800000, 0x0000000608800000|100%| O|  |TAMS 0x0000000608800000, 0x0000000608600000| Untracked 
|  38|0x0000000608800000, 0x0000000608a00000, 0x0000000608a00000|100%| O|  |TAMS 0x0000000608a00000, 0x0000000608800000| Complete 
|  39|0x0000000608a00000, 0x0000000608c00000, 0x0000000608c00000|100%| O|  |TAMS 0x0000000608c00000, 0x0000000608a00000| Untracked 
|  40|0x0000000608c00000, 0x0000000608e00000, 0x0000000608e00000|100%| O|  |TAMS 0x0000000608e00000, 0x0000000608c00000| Untracked 
|  41|0x0000000608e00000, 0x0000000609000000, 0x0000000609000000|100%| O|  |TAMS 0x0000000609000000, 0x0000000608e00000| Untracked 
|  42|0x0000000609000000, 0x0000000609200000, 0x0000000609200000|100%| O|  |TAMS 0x0000000609200000, 0x0000000609000000| Untracked 
|  43|0x0000000609200000, 0x0000000609400000, 0x0000000609400000|100%| O|  |TAMS 0x0000000609400000, 0x0000000609200000| Untracked 
|  44|0x0000000609400000, 0x0000000609600000, 0x0000000609600000|100%| O|  |TAMS 0x0000000609600000, 0x0000000609400000| Untracked 
|  45|0x0000000609600000, 0x0000000609800000, 0x0000000609800000|100%| O|  |TAMS 0x0000000609800000, 0x0000000609600000| Complete 
|  46|0x0000000609800000, 0x0000000609a00000, 0x0000000609a00000|100%| O|  |TAMS 0x0000000609a00000, 0x0000000609800000| Complete 
|  47|0x0000000609a00000, 0x0000000609c00000, 0x0000000609c00000|100%| O|  |TAMS 0x0000000609c00000, 0x0000000609a00000| Complete 
|  48|0x0000000609c00000, 0x0000000609e00000, 0x0000000609e00000|100%| O|  |TAMS 0x0000000609e00000, 0x0000000609c00000| Complete 
|  49|0x0000000609e00000, 0x000000060a000000, 0x000000060a000000|100%| O|  |TAMS 0x000000060a000000, 0x0000000609e00000| Untracked 
|  50|0x000000060a000000, 0x000000060a200000, 0x000000060a200000|100%| O|  |TAMS 0x000000060a200000, 0x000000060a000000| Untracked 
|  51|0x000000060a200000, 0x000000060a400000, 0x000000060a400000|100%| O|  |TAMS 0x000000060a400000, 0x000000060a200000| Complete 
|  52|0x000000060a400000, 0x000000060a600000, 0x000000060a600000|100%| O|  |TAMS 0x000000060a600000, 0x000000060a400000| Complete 
|  53|0x000000060a600000, 0x000000060a800000, 0x000000060a800000|100%| O|  |TAMS 0x000000060a800000, 0x000000060a600000| Complete 
|  54|0x000000060a800000, 0x000000060aa00000, 0x000000060aa00000|100%| O|  |TAMS 0x000000060aa00000, 0x000000060a800000| Complete 
|  55|0x000000060aa00000, 0x000000060ac00000, 0x000000060ac00000|100%| O|  |TAMS 0x000000060ac00000, 0x000000060aa00000| Complete 
|  56|0x000000060ac00000, 0x000000060ae00000, 0x000000060ae00000|100%| O|  |TAMS 0x000000060ae00000, 0x000000060ac00000| Complete 
|  57|0x000000060ae00000, 0x000000060b000000, 0x000000060b000000|100%| O|  |TAMS 0x000000060b000000, 0x000000060ae00000| Complete 
|  58|0x000000060b000000, 0x000000060b200000, 0x000000060b200000|100%| O|  |TAMS 0x000000060b200000, 0x000000060b000000| Untracked 
|  59|0x000000060b200000, 0x000000060b400000, 0x000000060b400000|100%| O|  |TAMS 0x000000060b400000, 0x000000060b200000| Complete 
|  60|0x000000060b400000, 0x000000060b400000, 0x000000060b600000|  0%| F|  |TAMS 0x000000060b400000, 0x000000060b400000| Untracked 
|  61|0x000000060b600000, 0x000000060b800000, 0x000000060b800000|100%| O|  |TAMS 0x000000060b800000, 0x000000060b600000| Complete 
|  62|0x000000060b800000, 0x000000060b800000, 0x000000060ba00000|  0%| F|  |TAMS 0x000000060b800000, 0x000000060b800000| Untracked 
|  63|0x000000060ba00000, 0x000000060bc00000, 0x000000060bc00000|100%| O|  |TAMS 0x000000060bc00000, 0x000000060ba00000| Complete 
|  64|0x000000060bc00000, 0x000000060be00000, 0x000000060be00000|100%| O|  |TAMS 0x000000060be00000, 0x000000060bc00000| Complete 
|  65|0x000000060be00000, 0x000000060c000000, 0x000000060c000000|100%| O|  |TAMS 0x000000060c000000, 0x000000060be00000| Untracked 
|  66|0x000000060c000000, 0x000000060c200000, 0x000000060c200000|100%| O|  |TAMS 0x000000060c200000, 0x000000060c000000| Untracked 
|  67|0x000000060c200000, 0x000000060c200000, 0x000000060c400000|  0%| F|  |TAMS 0x000000060c200000, 0x000000060c200000| Untracked 
|  68|0x000000060c400000, 0x000000060c400000, 0x000000060c600000|  0%| F|  |TAMS 0x000000060c400000, 0x000000060c400000| Untracked 
|  69|0x000000060c600000, 0x000000060c600000, 0x000000060c800000|  0%| F|  |TAMS 0x000000060c600000, 0x000000060c600000| Untracked 
|  70|0x000000060c800000, 0x000000060c800000, 0x000000060ca00000|  0%| F|  |TAMS 0x000000060c800000, 0x000000060c800000| Untracked 
|  71|0x000000060ca00000, 0x000000060ca00000, 0x000000060cc00000|  0%| F|  |TAMS 0x000000060ca00000, 0x000000060ca00000| Untracked 
|  72|0x000000060cc00000, 0x000000060cc00000, 0x000000060ce00000|  0%| F|  |TAMS 0x000000060cc00000, 0x000000060cc00000| Untracked 
|  73|0x000000060ce00000, 0x000000060ce00000, 0x000000060d000000|  0%| F|  |TAMS 0x000000060ce00000, 0x000000060ce00000| Untracked 
|  74|0x000000060d000000, 0x000000060d000000, 0x000000060d200000|  0%| F|  |TAMS 0x000000060d000000, 0x000000060d000000| Untracked 
|  75|0x000000060d200000, 0x000000060d400000, 0x000000060d400000|100%| O|  |TAMS 0x000000060d400000, 0x000000060d200000| Complete 
|  76|0x000000060d400000, 0x000000060d600000, 0x000000060d600000|100%| O|  |TAMS 0x000000060d600000, 0x000000060d400000| Complete 
|  77|0x000000060d600000, 0x000000060d800000, 0x000000060d800000|100%| O|  |TAMS 0x000000060d800000, 0x000000060d600000| Untracked 
|  78|0x000000060d800000, 0x000000060da00000, 0x000000060da00000|100%| O|  |TAMS 0x000000060da00000, 0x000000060d800000| Complete 
|  79|0x000000060da00000, 0x000000060dc00000, 0x000000060dc00000|100%| O|  |TAMS 0x000000060dc00000, 0x000000060da00000| Untracked 
|  80|0x000000060dc00000, 0x000000060de00000, 0x000000060de00000|100%| O|  |TAMS 0x000000060de00000, 0x000000060dc00000| Untracked 
|  81|0x000000060de00000, 0x000000060e000000, 0x000000060e000000|100%| O|  |TAMS 0x000000060e000000, 0x000000060de00000| Untracked 
|  82|0x000000060e000000, 0x000000060e200000, 0x000000060e200000|100%| O|  |TAMS 0x000000060e200000, 0x000000060e000000| Untracked 
|  83|0x000000060e200000, 0x000000060e400000, 0x000000060e400000|100%| O|  |TAMS 0x000000060e400000, 0x000000060e200000| Untracked 
|  84|0x000000060e400000, 0x000000060e600000, 0x000000060e600000|100%| O|  |TAMS 0x000000060e600000, 0x000000060e400000| Untracked 
|  85|0x000000060e600000, 0x000000060e800000, 0x000000060e800000|100%| O|  |TAMS 0x000000060e800000, 0x000000060e600000| Untracked 
|  86|0x000000060e800000, 0x000000060ea00000, 0x000000060ea00000|100%| O|  |TAMS 0x000000060ea00000, 0x000000060e800000| Complete 
|  87|0x000000060ea00000, 0x000000060ec00000, 0x000000060ec00000|100%| O|  |TAMS 0x000000060ec00000, 0x000000060ea00000| Complete 
|  88|0x000000060ec00000, 0x000000060ee00000, 0x000000060ee00000|100%| O|  |TAMS 0x000000060ee00000, 0x000000060ec00000| Complete 
|  89|0x000000060ee00000, 0x000000060ee00000, 0x000000060f000000|  0%| F|  |TAMS 0x000000060ee00000, 0x000000060ee00000| Untracked 
|  90|0x000000060f000000, 0x000000060f200000, 0x000000060f200000|100%| O|  |TAMS 0x000000060f200000, 0x000000060f000000| Complete 
|  91|0x000000060f200000, 0x000000060f400000, 0x000000060f400000|100%| O|  |TAMS 0x000000060f400000, 0x000000060f200000| Complete 
|  92|0x000000060f400000, 0x000000060f600000, 0x000000060f600000|100%| O|  |TAMS 0x000000060f600000, 0x000000060f400000| Complete 
|  93|0x000000060f600000, 0x000000060f600000, 0x000000060f800000|  0%| F|  |TAMS 0x000000060f600000, 0x000000060f600000| Untracked 
|  94|0x000000060f800000, 0x000000060fa00000, 0x000000060fa00000|100%| O|  |TAMS 0x000000060fa00000, 0x000000060f800000| Complete 
|  95|0x000000060fa00000, 0x000000060fa00000, 0x000000060fc00000|  0%| F|  |TAMS 0x000000060fa00000, 0x000000060fa00000| Untracked 
|  96|0x000000060fc00000, 0x000000060fc00000, 0x000000060fe00000|  0%| F|  |TAMS 0x000000060fc00000, 0x000000060fc00000| Untracked 
|  97|0x000000060fe00000, 0x0000000610000000, 0x0000000610000000|100%| O|  |TAMS 0x0000000610000000, 0x000000060fe00000| Complete 
|  98|0x0000000610000000, 0x0000000610200000, 0x0000000610200000|100%| O|  |TAMS 0x0000000610200000, 0x0000000610000000| Complete 
|  99|0x0000000610200000, 0x0000000610400000, 0x0000000610400000|100%| O|  |TAMS 0x0000000610400000, 0x0000000610200000| Complete 
| 100|0x0000000610400000, 0x0000000610600000, 0x0000000610600000|100%| O|  |TAMS 0x0000000610600000, 0x0000000610400000| Complete 
| 101|0x0000000610600000, 0x0000000610800000, 0x0000000610800000|100%| O|  |TAMS 0x0000000610800000, 0x0000000610600000| Complete 
| 102|0x0000000610800000, 0x0000000610a00000, 0x0000000610a00000|100%| O|  |TAMS 0x0000000610a00000, 0x0000000610800000| Complete 
| 103|0x0000000610a00000, 0x0000000610c00000, 0x0000000610c00000|100%| O|  |TAMS 0x0000000610c00000, 0x0000000610a00000| Complete 
| 104|0x0000000610c00000, 0x0000000610c00000, 0x0000000610e00000|  0%| F|  |TAMS 0x0000000610c00000, 0x0000000610c00000| Untracked 
| 105|0x0000000610e00000, 0x0000000610e00000, 0x0000000611000000|  0%| F|  |TAMS 0x0000000610e00000, 0x0000000610e00000| Untracked 
| 106|0x0000000611000000, 0x0000000611000000, 0x0000000611200000|  0%| F|  |TAMS 0x0000000611000000, 0x0000000611000000| Untracked 
| 107|0x0000000611200000, 0x0000000611200000, 0x0000000611400000|  0%| F|  |TAMS 0x0000000611200000, 0x0000000611200000| Untracked 
| 108|0x0000000611400000, 0x0000000611600000, 0x0000000611600000|100%| O|  |TAMS 0x0000000611600000, 0x0000000611400000| Untracked 
| 109|0x0000000611600000, 0x0000000611800000, 0x0000000611800000|100%| O|  |TAMS 0x0000000611800000, 0x0000000611600000| Untracked 
| 110|0x0000000611800000, 0x0000000611a00000, 0x0000000611a00000|100%| O|  |TAMS 0x0000000611a00000, 0x0000000611800000| Untracked 
| 111|0x0000000611a00000, 0x0000000611c00000, 0x0000000611c00000|100%| O|  |TAMS 0x0000000611c00000, 0x0000000611a00000| Untracked 
| 112|0x0000000611c00000, 0x0000000611e00000, 0x0000000611e00000|100%| O|  |TAMS 0x0000000611e00000, 0x0000000611c00000| Untracked 
| 113|0x0000000611e00000, 0x0000000612000000, 0x0000000612000000|100%| O|  |TAMS 0x0000000612000000, 0x0000000611e00000| Untracked 
| 114|0x0000000612000000, 0x0000000612200000, 0x0000000612200000|100%| O|  |TAMS 0x0000000612200000, 0x0000000612000000| Untracked 
| 115|0x0000000612200000, 0x0000000612400000, 0x0000000612400000|100%| O|  |TAMS 0x0000000612400000, 0x0000000612200000| Untracked 
| 116|0x0000000612400000, 0x0000000612600000, 0x0000000612600000|100%| O|  |TAMS 0x0000000612600000, 0x0000000612400000| Complete 
| 117|0x0000000612600000, 0x0000000612800000, 0x0000000612800000|100%| O|  |TAMS 0x0000000612800000, 0x0000000612600000| Untracked 
| 118|0x0000000612800000, 0x0000000612a00000, 0x0000000612a00000|100%| O|  |TAMS 0x0000000612a00000, 0x0000000612800000| Untracked 
| 119|0x0000000612a00000, 0x0000000612c00000, 0x0000000612c00000|100%| O|  |TAMS 0x0000000612c00000, 0x0000000612a00000| Untracked 
| 120|0x0000000612c00000, 0x0000000612e00000, 0x0000000612e00000|100%| O|  |TAMS 0x0000000612e00000, 0x0000000612c00000| Untracked 
| 121|0x0000000612e00000, 0x0000000613000000, 0x0000000613000000|100%| O|  |TAMS 0x0000000613000000, 0x0000000612e00000| Complete 
| 122|0x0000000613000000, 0x0000000613200000, 0x0000000613200000|100%| O|  |TAMS 0x0000000613200000, 0x0000000613000000| Untracked 
| 123|0x0000000613200000, 0x0000000613200000, 0x0000000613400000|  0%| F|  |TAMS 0x0000000613200000, 0x0000000613200000| Untracked 
| 124|0x0000000613400000, 0x0000000613400000, 0x0000000613600000|  0%| F|  |TAMS 0x0000000613400000, 0x0000000613400000| Untracked 
| 125|0x0000000613600000, 0x0000000613600000, 0x0000000613800000|  0%| F|  |TAMS 0x0000000613600000, 0x0000000613600000| Untracked 
| 126|0x0000000613800000, 0x0000000613800000, 0x0000000613a00000|  0%| F|  |TAMS 0x0000000613800000, 0x0000000613800000| Untracked 
| 127|0x0000000613a00000, 0x0000000613a00000, 0x0000000613c00000|  0%| F|  |TAMS 0x0000000613a00000, 0x0000000613a00000| Untracked 
| 128|0x0000000613c00000, 0x0000000613c00000, 0x0000000613e00000|  0%| F|  |TAMS 0x0000000613c00000, 0x0000000613c00000| Untracked 
| 129|0x0000000613e00000, 0x0000000613e00000, 0x0000000614000000|  0%| F|  |TAMS 0x0000000613e00000, 0x0000000613e00000| Untracked 
| 130|0x0000000614000000, 0x0000000614200000, 0x0000000614200000|100%| O|  |TAMS 0x0000000614200000, 0x0000000614000000| Complete 
| 131|0x0000000614200000, 0x0000000614400000, 0x0000000614400000|100%| O|  |TAMS 0x0000000614400000, 0x0000000614200000| Complete 
| 132|0x0000000614400000, 0x0000000614600000, 0x0000000614600000|100%| O|  |TAMS 0x0000000614600000, 0x0000000614400000| Complete 
| 133|0x0000000614600000, 0x0000000614800000, 0x0000000614800000|100%| O|  |TAMS 0x0000000614800000, 0x0000000614600000| Complete 
| 134|0x0000000614800000, 0x0000000614a00000, 0x0000000614a00000|100%| O|  |TAMS 0x0000000614a00000, 0x0000000614800000| Untracked 
| 135|0x0000000614a00000, 0x0000000614a00000, 0x0000000614c00000|  0%| F|  |TAMS 0x0000000614a00000, 0x0000000614a00000| Untracked 
| 136|0x0000000614c00000, 0x0000000614c00000, 0x0000000614e00000|  0%| F|  |TAMS 0x0000000614c00000, 0x0000000614c00000| Untracked 
| 137|0x0000000614e00000, 0x0000000614e00000, 0x0000000615000000|  0%| F|  |TAMS 0x0000000614e00000, 0x0000000614e00000| Untracked 
| 138|0x0000000615000000, 0x0000000615000000, 0x0000000615200000|  0%| F|  |TAMS 0x0000000615000000, 0x0000000615000000| Untracked 
| 139|0x0000000615200000, 0x0000000615200000, 0x0000000615400000|  0%| F|  |TAMS 0x0000000615200000, 0x0000000615200000| Untracked 
| 140|0x0000000615400000, 0x0000000615400000, 0x0000000615600000|  0%| F|  |TAMS 0x0000000615400000, 0x0000000615400000| Untracked 
| 141|0x0000000615600000, 0x0000000615600000, 0x0000000615800000|  0%| F|  |TAMS 0x0000000615600000, 0x0000000615600000| Untracked 
| 142|0x0000000615800000, 0x0000000615800000, 0x0000000615a00000|  0%| F|  |TAMS 0x0000000615800000, 0x0000000615800000| Untracked 
| 143|0x0000000615a00000, 0x0000000615a00000, 0x0000000615c00000|  0%| F|  |TAMS 0x0000000615a00000, 0x0000000615a00000| Untracked 
| 144|0x0000000615c00000, 0x0000000615c00000, 0x0000000615e00000|  0%| F|  |TAMS 0x0000000615c00000, 0x0000000615c00000| Untracked 
| 145|0x0000000615e00000, 0x0000000615e00000, 0x0000000616000000|  0%| F|  |TAMS 0x0000000615e00000, 0x0000000615e00000| Untracked 
| 146|0x0000000616000000, 0x0000000616000000, 0x0000000616200000|  0%| F|  |TAMS 0x0000000616000000, 0x0000000616000000| Untracked 
| 147|0x0000000616200000, 0x0000000616200000, 0x0000000616400000|  0%| F|  |TAMS 0x0000000616200000, 0x0000000616200000| Untracked 
| 148|0x0000000616400000, 0x0000000616400000, 0x0000000616600000|  0%| F|  |TAMS 0x0000000616400000, 0x0000000616400000| Untracked 
| 149|0x0000000616600000, 0x0000000616600000, 0x0000000616800000|  0%| F|  |TAMS 0x0000000616600000, 0x0000000616600000| Untracked 
| 150|0x0000000616800000, 0x0000000616800000, 0x0000000616a00000|  0%| F|  |TAMS 0x0000000616800000, 0x0000000616800000| Untracked 
| 151|0x0000000616a00000, 0x0000000616c00000, 0x0000000616c00000|100%| O|  |TAMS 0x0000000616c00000, 0x0000000616a00000| Complete 
| 152|0x0000000616c00000, 0x0000000616e00000, 0x0000000616e00000|100%| O|  |TAMS 0x0000000616e00000, 0x0000000616c00000| Complete 
| 153|0x0000000616e00000, 0x0000000617000000, 0x0000000617000000|100%| O|  |TAMS 0x0000000617000000, 0x0000000616e00000| Complete 
| 154|0x0000000617000000, 0x0000000617200000, 0x0000000617200000|100%| O|  |TAMS 0x0000000617200000, 0x0000000617000000| Complete 
| 155|0x0000000617200000, 0x0000000617400000, 0x0000000617400000|100%| O|  |TAMS 0x0000000617400000, 0x0000000617200000| Complete 
| 156|0x0000000617400000, 0x0000000617600000, 0x0000000617600000|100%| O|  |TAMS 0x0000000617600000, 0x0000000617400000| Complete 
| 157|0x0000000617600000, 0x0000000617800000, 0x0000000617800000|100%| O|  |TAMS 0x0000000617800000, 0x0000000617600000| Complete 
| 158|0x0000000617800000, 0x0000000617800000, 0x0000000617a00000|  0%| F|  |TAMS 0x0000000617800000, 0x0000000617800000| Untracked 
| 159|0x0000000617a00000, 0x0000000617a00000, 0x0000000617c00000|  0%| F|  |TAMS 0x0000000617a00000, 0x0000000617a00000| Untracked 
| 160|0x0000000617c00000, 0x0000000617c00000, 0x0000000617e00000|  0%| F|  |TAMS 0x0000000617c00000, 0x0000000617c00000| Untracked 
| 161|0x0000000617e00000, 0x0000000617e00000, 0x0000000618000000|  0%| F|  |TAMS 0x0000000617e00000, 0x0000000617e00000| Untracked 
| 162|0x0000000618000000, 0x0000000618000000, 0x0000000618200000|  0%| F|  |TAMS 0x0000000618000000, 0x0000000618000000| Untracked 
| 163|0x0000000618200000, 0x0000000618200000, 0x0000000618400000|  0%| F|  |TAMS 0x0000000618200000, 0x0000000618200000| Untracked 
| 164|0x0000000618400000, 0x0000000618400000, 0x0000000618600000|  0%| F|  |TAMS 0x0000000618400000, 0x0000000618400000| Untracked 
| 165|0x0000000618600000, 0x0000000618600000, 0x0000000618800000|  0%| F|  |TAMS 0x0000000618600000, 0x0000000618600000| Untracked 
| 166|0x0000000618800000, 0x0000000618800000, 0x0000000618a00000|  0%| F|  |TAMS 0x0000000618800000, 0x0000000618800000| Untracked 
| 167|0x0000000618a00000, 0x0000000618c00000, 0x0000000618c00000|100%| O|  |TAMS 0x0000000618c00000, 0x0000000618a00000| Complete 
| 168|0x0000000618c00000, 0x0000000618e00000, 0x0000000618e00000|100%| O|  |TAMS 0x0000000618e00000, 0x0000000618c00000| Complete 
| 169|0x0000000618e00000, 0x0000000618e00000, 0x0000000619000000|  0%| F|  |TAMS 0x0000000618e00000, 0x0000000618e00000| Untracked 
| 170|0x0000000619000000, 0x0000000619000000, 0x0000000619200000|  0%| F|  |TAMS 0x0000000619000000, 0x0000000619000000| Untracked 
| 171|0x0000000619200000, 0x0000000619200000, 0x0000000619400000|  0%| F|  |TAMS 0x0000000619200000, 0x0000000619200000| Untracked 
| 172|0x0000000619400000, 0x0000000619400000, 0x0000000619600000|  0%| F|  |TAMS 0x0000000619400000, 0x0000000619400000| Untracked 
| 173|0x0000000619600000, 0x0000000619600000, 0x0000000619800000|  0%| F|  |TAMS 0x0000000619600000, 0x0000000619600000| Untracked 
| 174|0x0000000619800000, 0x0000000619800000, 0x0000000619a00000|  0%| F|  |TAMS 0x0000000619800000, 0x0000000619800000| Untracked 
| 175|0x0000000619a00000, 0x0000000619a00000, 0x0000000619c00000|  0%| F|  |TAMS 0x0000000619a00000, 0x0000000619a00000| Untracked 
| 176|0x0000000619c00000, 0x0000000619c00000, 0x0000000619e00000|  0%| F|  |TAMS 0x0000000619c00000, 0x0000000619c00000| Untracked 
| 177|0x0000000619e00000, 0x0000000619e00000, 0x000000061a000000|  0%| F|  |TAMS 0x0000000619e00000, 0x0000000619e00000| Untracked 
| 178|0x000000061a000000, 0x000000061a000000, 0x000000061a200000|  0%| F|  |TAMS 0x000000061a000000, 0x000000061a000000| Untracked 
| 179|0x000000061a200000, 0x000000061a200000, 0x000000061a400000|  0%| F|  |TAMS 0x000000061a200000, 0x000000061a200000| Untracked 
| 180|0x000000061a400000, 0x000000061a400000, 0x000000061a600000|  0%| F|  |TAMS 0x000000061a400000, 0x000000061a400000| Untracked 
| 181|0x000000061a600000, 0x000000061a600000, 0x000000061a800000|  0%| F|  |TAMS 0x000000061a600000, 0x000000061a600000| Untracked 
| 182|0x000000061a800000, 0x000000061a800000, 0x000000061aa00000|  0%| F|  |TAMS 0x000000061a800000, 0x000000061a800000| Untracked 
| 183|0x000000061aa00000, 0x000000061aa00000, 0x000000061ac00000|  0%| F|  |TAMS 0x000000061aa00000, 0x000000061aa00000| Untracked 
| 184|0x000000061ac00000, 0x000000061ac00000, 0x000000061ae00000|  0%| F|  |TAMS 0x000000061ac00000, 0x000000061ac00000| Untracked 
| 185|0x000000061ae00000, 0x000000061ae00000, 0x000000061b000000|  0%| F|  |TAMS 0x000000061ae00000, 0x000000061ae00000| Untracked 
| 186|0x000000061b000000, 0x000000061b000000, 0x000000061b200000|  0%| F|  |TAMS 0x000000061b000000, 0x000000061b000000| Untracked 
| 187|0x000000061b200000, 0x000000061b200000, 0x000000061b400000|  0%| F|  |TAMS 0x000000061b200000, 0x000000061b200000| Untracked 
| 188|0x000000061b400000, 0x000000061b400000, 0x000000061b600000|  0%| F|  |TAMS 0x000000061b400000, 0x000000061b400000| Untracked 
| 189|0x000000061b600000, 0x000000061b600000, 0x000000061b800000|  0%| F|  |TAMS 0x000000061b600000, 0x000000061b600000| Untracked 
| 190|0x000000061b800000, 0x000000061b800000, 0x000000061ba00000|  0%| F|  |TAMS 0x000000061b800000, 0x000000061b800000| Untracked 
| 191|0x000000061ba00000, 0x000000061ba00000, 0x000000061bc00000|  0%| F|  |TAMS 0x000000061ba00000, 0x000000061ba00000| Untracked 
| 192|0x000000061bc00000, 0x000000061bc00000, 0x000000061be00000|  0%| F|  |TAMS 0x000000061bc00000, 0x000000061bc00000| Untracked 
| 193|0x000000061be00000, 0x000000061be00000, 0x000000061c000000|  0%| F|  |TAMS 0x000000061be00000, 0x000000061be00000| Untracked 
| 194|0x000000061c000000, 0x000000061c000000, 0x000000061c200000|  0%| F|  |TAMS 0x000000061c000000, 0x000000061c000000| Untracked 
| 195|0x000000061c200000, 0x000000061c200000, 0x000000061c400000|  0%| F|  |TAMS 0x000000061c200000, 0x000000061c200000| Untracked 
| 196|0x000000061c400000, 0x000000061c400000, 0x000000061c600000|  0%| F|  |TAMS 0x000000061c400000, 0x000000061c400000| Untracked 
| 197|0x000000061c600000, 0x000000061c600000, 0x000000061c800000|  0%| F|  |TAMS 0x000000061c600000, 0x000000061c600000| Untracked 
| 198|0x000000061c800000, 0x000000061c800000, 0x000000061ca00000|  0%| F|  |TAMS 0x000000061c800000, 0x000000061c800000| Untracked 
| 199|0x000000061ca00000, 0x000000061ca00000, 0x000000061cc00000|  0%| F|  |TAMS 0x000000061ca00000, 0x000000061ca00000| Untracked 
| 200|0x000000061cc00000, 0x000000061cc00000, 0x000000061ce00000|  0%| F|  |TAMS 0x000000061cc00000, 0x000000061cc00000| Untracked 
| 201|0x000000061ce00000, 0x000000061ce00000, 0x000000061d000000|  0%| F|  |TAMS 0x000000061ce00000, 0x000000061ce00000| Untracked 
| 202|0x000000061d000000, 0x000000061d000000, 0x000000061d200000|  0%| F|  |TAMS 0x000000061d000000, 0x000000061d000000| Untracked 
| 203|0x000000061d200000, 0x000000061d200000, 0x000000061d400000|  0%| F|  |TAMS 0x000000061d200000, 0x000000061d200000| Untracked 
| 204|0x000000061d400000, 0x000000061d400000, 0x000000061d600000|  0%| F|  |TAMS 0x000000061d400000, 0x000000061d400000| Untracked 
| 205|0x000000061d600000, 0x000000061d600000, 0x000000061d800000|  0%| F|  |TAMS 0x000000061d600000, 0x000000061d600000| Untracked 
| 206|0x000000061d800000, 0x000000061d800000, 0x000000061da00000|  0%| F|  |TAMS 0x000000061d800000, 0x000000061d800000| Untracked 
| 207|0x000000061da00000, 0x000000061da00000, 0x000000061dc00000|  0%| F|  |TAMS 0x000000061da00000, 0x000000061da00000| Untracked 
| 208|0x000000061dc00000, 0x000000061dc00000, 0x000000061de00000|  0%| F|  |TAMS 0x000000061dc00000, 0x000000061dc00000| Untracked 
| 209|0x000000061de00000, 0x000000061de00000, 0x000000061e000000|  0%| F|  |TAMS 0x000000061de00000, 0x000000061de00000| Untracked 
| 210|0x000000061e000000, 0x000000061e000000, 0x000000061e200000|  0%| F|  |TAMS 0x000000061e000000, 0x000000061e000000| Untracked 
| 211|0x000000061e200000, 0x000000061e200000, 0x000000061e400000|  0%| F|  |TAMS 0x000000061e200000, 0x000000061e200000| Untracked 
| 212|0x000000061e400000, 0x000000061e400000, 0x000000061e600000|  0%| F|  |TAMS 0x000000061e400000, 0x000000061e400000| Untracked 
| 213|0x000000061e600000, 0x000000061e600000, 0x000000061e800000|  0%| F|  |TAMS 0x000000061e600000, 0x000000061e600000| Untracked 
| 214|0x000000061e800000, 0x000000061e800000, 0x000000061ea00000|  0%| F|  |TAMS 0x000000061e800000, 0x000000061e800000| Untracked 
| 215|0x000000061ea00000, 0x000000061ea00000, 0x000000061ec00000|  0%| F|  |TAMS 0x000000061ea00000, 0x000000061ea00000| Untracked 
| 216|0x000000061ec00000, 0x000000061ec00000, 0x000000061ee00000|  0%| F|  |TAMS 0x000000061ec00000, 0x000000061ec00000| Untracked 
| 217|0x000000061ee00000, 0x000000061ee00000, 0x000000061f000000|  0%| F|  |TAMS 0x000000061ee00000, 0x000000061ee00000| Untracked 
| 218|0x000000061f000000, 0x000000061f000000, 0x000000061f200000|  0%| F|  |TAMS 0x000000061f000000, 0x000000061f000000| Untracked 
| 219|0x000000061f200000, 0x000000061f200000, 0x000000061f400000|  0%| F|  |TAMS 0x000000061f200000, 0x000000061f200000| Untracked 
| 220|0x000000061f400000, 0x000000061f400000, 0x000000061f600000|  0%| F|  |TAMS 0x000000061f400000, 0x000000061f400000| Untracked 
| 221|0x000000061f600000, 0x000000061f600000, 0x000000061f800000|  0%| F|  |TAMS 0x000000061f600000, 0x000000061f600000| Untracked 
| 222|0x000000061f800000, 0x000000061f800000, 0x000000061fa00000|  0%| F|  |TAMS 0x000000061f800000, 0x000000061f800000| Untracked 
| 223|0x000000061fa00000, 0x000000061fa00000, 0x000000061fc00000|  0%| F|  |TAMS 0x000000061fa00000, 0x000000061fa00000| Untracked 
| 224|0x000000061fc00000, 0x000000061fc00000, 0x000000061fe00000|  0%| F|  |TAMS 0x000000061fc00000, 0x000000061fc00000| Untracked 
| 225|0x000000061fe00000, 0x000000061fe00000, 0x0000000620000000|  0%| F|  |TAMS 0x000000061fe00000, 0x000000061fe00000| Untracked 
| 226|0x0000000620000000, 0x0000000620000000, 0x0000000620200000|  0%| F|  |TAMS 0x0000000620000000, 0x0000000620000000| Untracked 
| 227|0x0000000620200000, 0x0000000620400000, 0x0000000620400000|100%| S|CS|TAMS 0x0000000620200000, 0x0000000620200000| Complete 
| 228|0x0000000620400000, 0x0000000620600000, 0x0000000620600000|100%| S|CS|TAMS 0x0000000620400000, 0x0000000620400000| Complete 
| 229|0x0000000620600000, 0x0000000620800000, 0x0000000620800000|100%| S|CS|TAMS 0x0000000620600000, 0x0000000620600000| Complete 
| 230|0x0000000620800000, 0x0000000620a00000, 0x0000000620a00000|100%| S|CS|TAMS 0x0000000620800000, 0x0000000620800000| Complete 
| 231|0x0000000620a00000, 0x0000000620c00000, 0x0000000620c00000|100%| S|CS|TAMS 0x0000000620a00000, 0x0000000620a00000| Complete 
| 232|0x0000000620c00000, 0x0000000620e00000, 0x0000000620e00000|100%| S|CS|TAMS 0x0000000620c00000, 0x0000000620c00000| Complete 
| 233|0x0000000620e00000, 0x0000000621000000, 0x0000000621000000|100%| S|CS|TAMS 0x0000000620e00000, 0x0000000620e00000| Complete 
| 234|0x0000000621000000, 0x0000000621200000, 0x0000000621200000|100%| S|CS|TAMS 0x0000000621000000, 0x0000000621000000| Complete 
| 235|0x0000000621200000, 0x0000000621400000, 0x0000000621400000|100%| S|CS|TAMS 0x0000000621200000, 0x0000000621200000| Complete 
| 236|0x0000000621400000, 0x0000000621400000, 0x0000000621600000|  0%| F|  |TAMS 0x0000000621400000, 0x0000000621400000| Untracked 
| 237|0x0000000621600000, 0x0000000621600000, 0x0000000621800000|  0%| F|  |TAMS 0x0000000621600000, 0x0000000621600000| Untracked 
| 238|0x0000000621800000, 0x0000000621800000, 0x0000000621a00000|  0%| F|  |TAMS 0x0000000621800000, 0x0000000621800000| Untracked 
| 239|0x0000000621a00000, 0x0000000621a00000, 0x0000000621c00000|  0%| F|  |TAMS 0x0000000621a00000, 0x0000000621a00000| Untracked 
| 240|0x0000000621c00000, 0x0000000621c00000, 0x0000000621e00000|  0%| F|  |TAMS 0x0000000621c00000, 0x0000000621c00000| Untracked 
| 241|0x0000000621e00000, 0x0000000621e00000, 0x0000000622000000|  0%| F|  |TAMS 0x0000000621e00000, 0x0000000621e00000| Untracked 
| 242|0x0000000622000000, 0x0000000622000000, 0x0000000622200000|  0%| F|  |TAMS 0x0000000622000000, 0x0000000622000000| Untracked 
| 243|0x0000000622200000, 0x0000000622200000, 0x0000000622400000|  0%| F|  |TAMS 0x0000000622200000, 0x0000000622200000| Untracked 
| 244|0x0000000622400000, 0x0000000622400000, 0x0000000622600000|  0%| F|  |TAMS 0x0000000622400000, 0x0000000622400000| Untracked 
| 245|0x0000000622600000, 0x0000000622600000, 0x0000000622800000|  0%| F|  |TAMS 0x0000000622600000, 0x0000000622600000| Untracked 
| 246|0x0000000622800000, 0x0000000622800000, 0x0000000622a00000|  0%| F|  |TAMS 0x0000000622800000, 0x0000000622800000| Untracked 
| 247|0x0000000622a00000, 0x0000000622a00000, 0x0000000622c00000|  0%| F|  |TAMS 0x0000000622a00000, 0x0000000622a00000| Untracked 
| 248|0x0000000622c00000, 0x0000000622c00000, 0x0000000622e00000|  0%| F|  |TAMS 0x0000000622c00000, 0x0000000622c00000| Untracked 
| 249|0x0000000622e00000, 0x0000000622e00000, 0x0000000623000000|  0%| F|  |TAMS 0x0000000622e00000, 0x0000000622e00000| Untracked 
| 250|0x0000000623000000, 0x0000000623000000, 0x0000000623200000|  0%| F|  |TAMS 0x0000000623000000, 0x0000000623000000| Untracked 
| 251|0x0000000623200000, 0x0000000623200000, 0x0000000623400000|  0%| F|  |TAMS 0x0000000623200000, 0x0000000623200000| Untracked 
| 252|0x0000000623400000, 0x0000000623400000, 0x0000000623600000|  0%| F|  |TAMS 0x0000000623400000, 0x0000000623400000| Untracked 
| 253|0x0000000623600000, 0x0000000623600000, 0x0000000623800000|  0%| F|  |TAMS 0x0000000623600000, 0x0000000623600000| Untracked 
| 254|0x0000000623800000, 0x0000000623800000, 0x0000000623a00000|  0%| F|  |TAMS 0x0000000623800000, 0x0000000623800000| Untracked 
| 255|0x0000000623a00000, 0x0000000623a00000, 0x0000000623c00000|  0%| F|  |TAMS 0x0000000623a00000, 0x0000000623a00000| Untracked 
| 256|0x0000000623c00000, 0x0000000623c00000, 0x0000000623e00000|  0%| F|  |TAMS 0x0000000623c00000, 0x0000000623c00000| Untracked 
| 257|0x0000000623e00000, 0x0000000623e00000, 0x0000000624000000|  0%| F|  |TAMS 0x0000000623e00000, 0x0000000623e00000| Untracked 
| 258|0x0000000624000000, 0x0000000624000000, 0x0000000624200000|  0%| F|  |TAMS 0x0000000624000000, 0x0000000624000000| Untracked 
| 259|0x0000000624200000, 0x0000000624200000, 0x0000000624400000|  0%| F|  |TAMS 0x0000000624200000, 0x0000000624200000| Untracked 
| 260|0x0000000624400000, 0x0000000624400000, 0x0000000624600000|  0%| F|  |TAMS 0x0000000624400000, 0x0000000624400000| Untracked 
| 261|0x0000000624600000, 0x0000000624600000, 0x0000000624800000|  0%| F|  |TAMS 0x0000000624600000, 0x0000000624600000| Untracked 
| 262|0x0000000624800000, 0x0000000624800000, 0x0000000624a00000|  0%| F|  |TAMS 0x0000000624800000, 0x0000000624800000| Untracked 
| 263|0x0000000624a00000, 0x0000000624a00000, 0x0000000624c00000|  0%| F|  |TAMS 0x0000000624a00000, 0x0000000624a00000| Untracked 
| 264|0x0000000624c00000, 0x0000000624c00000, 0x0000000624e00000|  0%| F|  |TAMS 0x0000000624c00000, 0x0000000624c00000| Untracked 
| 265|0x0000000624e00000, 0x0000000624e00000, 0x0000000625000000|  0%| F|  |TAMS 0x0000000624e00000, 0x0000000624e00000| Untracked 
| 266|0x0000000625000000, 0x0000000625000000, 0x0000000625200000|  0%| F|  |TAMS 0x0000000625000000, 0x0000000625000000| Untracked 
| 267|0x0000000625200000, 0x0000000625200000, 0x0000000625400000|  0%| F|  |TAMS 0x0000000625200000, 0x0000000625200000| Untracked 
| 268|0x0000000625400000, 0x0000000625400000, 0x0000000625600000|  0%| F|  |TAMS 0x0000000625400000, 0x0000000625400000| Untracked 
| 269|0x0000000625600000, 0x0000000625600000, 0x0000000625800000|  0%| F|  |TAMS 0x0000000625600000, 0x0000000625600000| Untracked 
| 270|0x0000000625800000, 0x0000000625800000, 0x0000000625a00000|  0%| F|  |TAMS 0x0000000625800000, 0x0000000625800000| Untracked 
| 271|0x0000000625a00000, 0x0000000625a00000, 0x0000000625c00000|  0%| F|  |TAMS 0x0000000625a00000, 0x0000000625a00000| Untracked 
| 272|0x0000000625c00000, 0x0000000625c00000, 0x0000000625e00000|  0%| F|  |TAMS 0x0000000625c00000, 0x0000000625c00000| Untracked 
| 273|0x0000000625e00000, 0x0000000625e00000, 0x0000000626000000|  0%| F|  |TAMS 0x0000000625e00000, 0x0000000625e00000| Untracked 
| 274|0x0000000626000000, 0x0000000626000000, 0x0000000626200000|  0%| F|  |TAMS 0x0000000626000000, 0x0000000626000000| Untracked 
| 275|0x0000000626200000, 0x0000000626200000, 0x0000000626400000|  0%| F|  |TAMS 0x0000000626200000, 0x0000000626200000| Untracked 
| 276|0x0000000626400000, 0x0000000626400000, 0x0000000626600000|  0%| F|  |TAMS 0x0000000626400000, 0x0000000626400000| Untracked 
| 277|0x0000000626600000, 0x0000000626600000, 0x0000000626800000|  0%| F|  |TAMS 0x0000000626600000, 0x0000000626600000| Untracked 
| 278|0x0000000626800000, 0x0000000626a00000, 0x0000000626a00000|100%| E|  |TAMS 0x0000000626800000, 0x0000000626800000| Complete 
| 279|0x0000000626a00000, 0x0000000626c00000, 0x0000000626c00000|100%| E|CS|TAMS 0x0000000626a00000, 0x0000000626a00000| Complete 
| 280|0x0000000626c00000, 0x0000000626e00000, 0x0000000626e00000|100%| E|CS|TAMS 0x0000000626c00000, 0x0000000626c00000| Complete 
| 281|0x0000000626e00000, 0x0000000627000000, 0x0000000627000000|100%| E|CS|TAMS 0x0000000626e00000, 0x0000000626e00000| Complete 
| 282|0x0000000627000000, 0x0000000627200000, 0x0000000627200000|100%| E|CS|TAMS 0x0000000627000000, 0x0000000627000000| Complete 
| 283|0x0000000627200000, 0x0000000627400000, 0x0000000627400000|100%| E|CS|TAMS 0x0000000627200000, 0x0000000627200000| Complete 
| 284|0x0000000627400000, 0x0000000627600000, 0x0000000627600000|100%| E|CS|TAMS 0x0000000627400000, 0x0000000627400000| Complete 
| 285|0x0000000627600000, 0x0000000627800000, 0x0000000627800000|100%| E|CS|TAMS 0x0000000627600000, 0x0000000627600000| Complete 
| 286|0x0000000627800000, 0x0000000627a00000, 0x0000000627a00000|100%| E|CS|TAMS 0x0000000627800000, 0x0000000627800000| Complete 
| 287|0x0000000627a00000, 0x0000000627c00000, 0x0000000627c00000|100%| E|CS|TAMS 0x0000000627a00000, 0x0000000627a00000| Complete 
| 288|0x0000000627c00000, 0x0000000627e00000, 0x0000000627e00000|100%| E|CS|TAMS 0x0000000627c00000, 0x0000000627c00000| Complete 
| 289|0x0000000627e00000, 0x0000000628000000, 0x0000000628000000|100%| E|CS|TAMS 0x0000000627e00000, 0x0000000627e00000| Complete 
| 290|0x0000000628000000, 0x0000000628200000, 0x0000000628200000|100%| E|CS|TAMS 0x0000000628000000, 0x0000000628000000| Complete 
| 291|0x0000000628200000, 0x0000000628400000, 0x0000000628400000|100%| E|CS|TAMS 0x0000000628200000, 0x0000000628200000| Complete 
| 292|0x0000000628400000, 0x0000000628600000, 0x0000000628600000|100%| E|CS|TAMS 0x0000000628400000, 0x0000000628400000| Complete 
| 293|0x0000000628600000, 0x0000000628800000, 0x0000000628800000|100%| E|CS|TAMS 0x0000000628600000, 0x0000000628600000| Complete 
| 294|0x0000000628800000, 0x0000000628a00000, 0x0000000628a00000|100%| E|CS|TAMS 0x0000000628800000, 0x0000000628800000| Complete 
| 295|0x0000000628a00000, 0x0000000628c00000, 0x0000000628c00000|100%| E|CS|TAMS 0x0000000628a00000, 0x0000000628a00000| Complete 
| 296|0x0000000628c00000, 0x0000000628e00000, 0x0000000628e00000|100%| E|CS|TAMS 0x0000000628c00000, 0x0000000628c00000| Complete 
| 297|0x0000000628e00000, 0x0000000629000000, 0x0000000629000000|100%| E|CS|TAMS 0x0000000628e00000, 0x0000000628e00000| Complete 
| 298|0x0000000629000000, 0x0000000629200000, 0x0000000629200000|100%| E|CS|TAMS 0x0000000629000000, 0x0000000629000000| Complete 
| 299|0x0000000629200000, 0x0000000629400000, 0x0000000629400000|100%| E|CS|TAMS 0x0000000629200000, 0x0000000629200000| Complete 
| 300|0x0000000629400000, 0x0000000629600000, 0x0000000629600000|100%| E|CS|TAMS 0x0000000629400000, 0x0000000629400000| Complete 
| 301|0x0000000629600000, 0x0000000629800000, 0x0000000629800000|100%| E|CS|TAMS 0x0000000629600000, 0x0000000629600000| Complete 
| 302|0x0000000629800000, 0x0000000629a00000, 0x0000000629a00000|100%| E|CS|TAMS 0x0000000629800000, 0x0000000629800000| Complete 
| 303|0x0000000629a00000, 0x0000000629c00000, 0x0000000629c00000|100%| E|CS|TAMS 0x0000000629a00000, 0x0000000629a00000| Complete 
| 304|0x0000000629c00000, 0x0000000629e00000, 0x0000000629e00000|100%| E|CS|TAMS 0x0000000629c00000, 0x0000000629c00000| Complete 
| 305|0x0000000629e00000, 0x000000062a000000, 0x000000062a000000|100%| E|CS|TAMS 0x0000000629e00000, 0x0000000629e00000| Complete 

Card table byte_map: [0x000002ab6f090000,0x000002ab70080000] _byte_map_base: 0x000002ab6c072000

Marking Bits (Prev, Next): (CMBitMap*) 0x000002ab5597e450, (CMBitMap*) 0x000002ab5597e418
 Prev Bits: [0x000002ab00000000, 0x000002ab07f10000)
 Next Bits: [0x000002ab71070000, 0x000002ab78f80000)

Polling page: 0x000002ab54080000

Metaspace:

Usage:
  Non-class:    134.18 MB capacity,   132.17 MB ( 99%) used,     1.55 MB (  1%) free+waste,   473.25 KB ( <1%) overhead. 
      Class:     18.05 MB capacity,    16.89 MB ( 94%) used,   998.02 KB (  5%) free+waste,   196.50 KB (  1%) overhead. 
       Both:    152.23 MB capacity,   149.06 MB ( 98%) used,     2.52 MB (  2%) free+waste,   669.75 KB ( <1%) overhead. 

Virtual space:
  Non-class space:      136.00 MB reserved,     135.25 MB (>99%) committed 
      Class space:        1.00 GB reserved,      18.50 MB (  2%) committed 
             Both:        1.13 GB reserved,     153.75 MB ( 13%) committed 

Chunk freelists:
   Non-Class:  1.07 MB
       Class:  394.00 KB
        Both:  1.46 MB

MaxMetaspaceSize: 17179869184.00 GB
CompressedClassSpaceSize: 1.00 GB
Initial GC threshold: 20.80 MB
Current GC threshold: 256.25 MB
CDS: off

CodeHeap 'non-profiled nmethods': size=119168Kb used=27417Kb max_used=27462Kb free=91750Kb
 bounds [0x000002ab65c80000, 0x000002ab67760000, 0x000002ab6d0e0000]
CodeHeap 'profiled nmethods': size=119168Kb used=61940Kb max_used=62452Kb free=57228Kb
 bounds [0x000002ab5e820000, 0x000002ab62530000, 0x000002ab65c80000]
CodeHeap 'non-nmethods': size=7424Kb used=1544Kb max_used=3350Kb free=5880Kb
 bounds [0x000002ab5e0e0000, 0x000002ab5e440000, 0x000002ab5e820000]
 total_blobs=26890 nmethods=26108 adapters=698
 compilation: enabled
              stopped_count=0, restarted_count=0
 full_count=0

Compilation events (20 events):
Event: 267657.660 Thread 0x000002ab7c2c2000 31333   !   4       java.lang.ref.Reference::processPendingReferences (132 bytes)
Event: 267657.672 Thread 0x000002ab7c2c2000 nmethod 31333 0x000002ab67150710 code [0x000002ab67150960, 0x000002ab671518f0]
Event: 268815.290 Thread 0x000002ab7c2c3000 31334       1       com.intellij.rt.debugger.agent.CaptureStorage$UnwindCapturedStack::getRecursionDepth (2 bytes)
Event: 268815.292 Thread 0x000002ab7c2c3000 nmethod 31334 0x000002ab66aa4910 code [0x000002ab66aa4ac0, 0x000002ab66aa4b78]
Event: 269061.597 Thread 0x000002ab7c2c2000 31335       4       java.time.LocalTime::ofNanoOfDay (68 bytes)
Event: 269061.600 Thread 0x000002ab7c2c2000 nmethod 31335 0x000002ab66aa4210 code [0x000002ab66aa43c0, 0x000002ab66aa4638]
Event: 269781.592 Thread 0x000002ab7c2c2000 31336       4       org.hibernate.engine.transaction.internal.TransactionImpl::isActive (46 bytes)
Event: 269781.594 Thread 0x000002ab7c2c2000 nmethod 31336 0x000002ab67150290 code [0x000002ab67150440, 0x000002ab67150598]
Event: 269901.599 Thread 0x000002ab7c2c2000 31337       4       org.springframework.jdbc.datasource.ConnectionHandle::releaseConnection (1 bytes)
Event: 269901.599 Thread 0x000002ab7c2c2000 nmethod 31337 0x000002ab6714ff90 code [0x000002ab67150120, 0x000002ab67150178]
Event: 269901.599 Thread 0x000002ab7c2c2000 31338       4       org.springframework.transaction.support.TransactionSynchronization::beforeCommit (1 bytes)
Event: 269901.599 Thread 0x000002ab7c2c2000 nmethod 31338 0x000002ab6714fc90 code [0x000002ab6714fe20, 0x000002ab6714fe78]
Event: 269901.599 Thread 0x000002ab7c2c2000 31339       4       org.springframework.transaction.support.TransactionSynchronization::afterCommit (1 bytes)
Event: 269901.599 Thread 0x000002ab7c2c2000 nmethod 31339 0x000002ab6714f990 code [0x000002ab6714fb20, 0x000002ab6714fb78]
Event: 273097.750 Thread 0x000002ab7c2c3000 31340       3       com.intellij.rt.debugger.agent.CaptureStorage$UnwindCapturedStack::<init> (10 bytes)
Event: 273097.750 Thread 0x000002ab7c2c3000 nmethod 31340 0x000002ab5f09eb90 code [0x000002ab5f09ed40, 0x000002ab5f09eef8]
Event: 274161.590 Thread 0x000002ab7c2c2000 31341   !   4       org.hibernate.resource.jdbc.internal.LogicalConnectionManagedImpl::releaseConnection (104 bytes)
Event: 274161.638 Thread 0x000002ab7c2c2000 nmethod 31341 0x000002ab6714b710 code [0x000002ab6714ba00, 0x000002ab6714e410]
Event: 274313.037 Thread 0x000002ab7c2c2000 31342       4       java.util.TreeMap::navigableKeySet (27 bytes)
Event: 274313.039 Thread 0x000002ab7c2c2000 nmethod 31342 0x000002ab6714b290 code [0x000002ab6714b420, 0x000002ab6714b638]

GC Heap History (20 events):
Event: 255427.899 GC heap before
{Heap before GC invocations=33 (full 0):
 garbage-first heap   total 626688K, used 393089K [0x0000000603c00000, 0x0000000800000000)
  region size 2048K, 53 young (108544K), 9 survivors (18432K)
 Metaspace       used 152677K, capacity 155946K, committed 157440K, reserved 1187840K
  class space    used 17297K, capacity 18497K, committed 18944K, reserved 1048576K
}
Event: 255427.925 GC heap after
{Heap after GC invocations=34 (full 0):
 garbage-first heap   total 626688K, used 348998K [0x0000000603c00000, 0x0000000800000000)
  region size 2048K, 7 young (14336K), 7 survivors (14336K)
 Metaspace       used 152677K, capacity 155946K, committed 157440K, reserved 1187840K
  class space    used 17297K, capacity 18497K, committed 18944K, reserved 1048576K
}
Event: 256017.154 GC heap before
{Heap before GC invocations=34 (full 0):
 garbage-first heap   total 626688K, used 365382K [0x0000000603c00000, 0x0000000800000000)
  region size 2048K, 15 young (30720K), 7 survivors (14336K)
 Metaspace       used 152677K, capacity 155946K, committed 157440K, reserved 1187840K
  class space    used 17297K, capacity 18497K, committed 18944K, reserved 1048576K
}
Event: 256017.205 GC heap after
{Heap after GC invocations=35 (full 0):
 garbage-first heap   total 626688K, used 313344K [0x0000000603c00000, 0x0000000800000000)
  region size 2048K, 2 young (4096K), 2 survivors (4096K)
 Metaspace       used 152677K, capacity 155946K, committed 157440K, reserved 1187840K
  class space    used 17297K, capacity 18497K, committed 18944K, reserved 1048576K
}
Event: 259220.881 GC heap before
{Heap before GC invocations=35 (full 0):
 garbage-first heap   total 626688K, used 425984K [0x0000000603c00000, 0x0000000800000000)
  region size 2048K, 57 young (116736K), 2 survivors (4096K)
 Metaspace       used 152677K, capacity 155946K, committed 157440K, reserved 1187840K
  class space    used 17297K, capacity 18497K, committed 18944K, reserved 1048576K
}
Event: 259220.928 GC heap after
{Heap after GC invocations=36 (full 0):
 garbage-first heap   total 626688K, used 376832K [0x0000000603c00000, 0x0000000800000000)
  region size 2048K, 8 young (16384K), 8 survivors (16384K)
 Metaspace       used 152677K, capacity 155946K, committed 157440K, reserved 1187840K
  class space    used 17297K, capacity 18497K, committed 18944K, reserved 1048576K
}
Event: 261368.475 GC heap before
{Heap before GC invocations=37 (full 0):
 garbage-first heap   total 626688K, used 346112K [0x0000000603c00000, 0x0000000800000000)
  region size 2048K, 47 young (96256K), 8 survivors (16384K)
 Metaspace       used 152634K, capacity 155886K, committed 157440K, reserved 1187840K
  class space    used 17291K, capacity 18486K, committed 18944K, reserved 1048576K
}
Event: 261368.495 GC heap after
{Heap after GC invocations=38 (full 0):
 garbage-first heap   total 626688K, used 301056K [0x0000000603c00000, 0x0000000800000000)
  region size 2048K, 6 young (12288K), 6 survivors (12288K)
 Metaspace       used 152634K, capacity 155886K, committed 157440K, reserved 1187840K
  class space    used 17291K, capacity 18486K, committed 18944K, reserved 1048576K
}
Event: 262007.338 GC heap before
{Heap before GC invocations=38 (full 0):
 garbage-first heap   total 626688K, used 317440K [0x0000000603c00000, 0x0000000800000000)
  region size 2048K, 15 young (30720K), 6 survivors (12288K)
 Metaspace       used 152634K, capacity 155886K, committed 157440K, reserved 1187840K
  class space    used 17291K, capacity 18486K, committed 18944K, reserved 1048576K
}
Event: 262007.358 GC heap after
{Heap after GC invocations=39 (full 0):
 garbage-first heap   total 626688K, used 283713K [0x0000000603c00000, 0x0000000800000000)
  region size 2048K, 2 young (4096K), 2 survivors (4096K)
 Metaspace       used 152634K, capacity 155886K, committed 157440K, reserved 1187840K
  class space    used 17291K, capacity 18486K, committed 18944K, reserved 1048576K
}
Event: 264861.178 GC heap before
{Heap before GC invocations=39 (full 0):
 garbage-first heap   total 626688K, used 414785K [0x0000000603c00000, 0x0000000800000000)
  region size 2048K, 66 young (135168K), 2 survivors (4096K)
 Metaspace       used 152634K, capacity 155886K, committed 157440K, reserved 1187840K
  class space    used 17291K, capacity 18486K, committed 18944K, reserved 1048576K
}
Event: 264861.202 GC heap after
{Heap after GC invocations=40 (full 0):
 garbage-first heap   total 626688K, used 339903K [0x0000000603c00000, 0x0000000800000000)
  region size 2048K, 9 young (18432K), 9 survivors (18432K)
 Metaspace       used 152634K, capacity 155886K, committed 157440K, reserved 1187840K
  class space    used 17291K, capacity 18486K, committed 18944K, reserved 1048576K
}
Event: 267657.630 GC heap before
{Heap before GC invocations=40 (full 0):
 garbage-first heap   total 626688K, used 442303K [0x0000000603c00000, 0x0000000800000000)
  region size 2048K, 59 young (120832K), 9 survivors (18432K)
 Metaspace       used 152634K, capacity 155886K, committed 157440K, reserved 1187840K
  class space    used 17291K, capacity 18486K, committed 18944K, reserved 1048576K
}
Event: 267657.660 GC heap after
{Heap after GC invocations=41 (full 0):
 garbage-first heap   total 626688K, used 382976K [0x0000000603c00000, 0x0000000800000000)
  region size 2048K, 8 young (16384K), 8 survivors (16384K)
 Metaspace       used 152634K, capacity 155886K, committed 157440K, reserved 1187840K
  class space    used 17291K, capacity 18486K, committed 18944K, reserved 1048576K
}
Event: 269903.658 GC heap before
{Heap before GC invocations=42 (full 0):
 garbage-first heap   total 626688K, used 339968K [0x0000000603c00000, 0x0000000800000000)
  region size 2048K, 47 young (96256K), 8 survivors (16384K)
 Metaspace       used 152634K, capacity 155886K, committed 157440K, reserved 1187840K
  class space    used 17291K, capacity 18486K, committed 18944K, reserved 1048576K
}
Event: 269903.674 GC heap after
{Heap after GC invocations=43 (full 0):
 garbage-first heap   total 626688K, used 294093K [0x0000000603c00000, 0x0000000800000000)
  region size 2048K, 6 young (12288K), 6 survivors (12288K)
 Metaspace       used 152634K, capacity 155886K, committed 157440K, reserved 1187840K
  class space    used 17291K, capacity 18486K, committed 18944K, reserved 1048576K
}
Event: 270532.756 GC heap before
{Heap before GC invocations=43 (full 0):
 garbage-first heap   total 626688K, used 312525K [0x0000000603c00000, 0x0000000800000000)
  region size 2048K, 15 young (30720K), 6 survivors (12288K)
 Metaspace       used 152634K, capacity 155886K, committed 157440K, reserved 1187840K
  class space    used 17291K, capacity 18486K, committed 18944K, reserved 1048576K
}
Event: 270532.771 GC heap after
{Heap after GC invocations=44 (full 0):
 garbage-first heap   total 626688K, used 278528K [0x0000000603c00000, 0x0000000800000000)
  region size 2048K, 2 young (4096K), 2 survivors (4096K)
 Metaspace       used 152634K, capacity 155886K, committed 157440K, reserved 1187840K
  class space    used 17291K, capacity 18486K, committed 18944K, reserved 1048576K
}
Event: 273208.150 GC heap before
{Heap before GC invocations=44 (full 0):
 garbage-first heap   total 626688K, used 417792K [0x0000000603c00000, 0x0000000800000000)
  region size 2048K, 70 young (143360K), 2 survivors (4096K)
 Metaspace       used 152634K, capacity 155886K, committed 157440K, reserved 1187840K
  class space    used 17291K, capacity 18486K, committed 18944K, reserved 1048576K
}
Event: 273208.173 GC heap after
{Heap after GC invocations=45 (full 0):
 garbage-first heap   total 626688K, used 331776K [0x0000000603c00000, 0x0000000800000000)
  region size 2048K, 9 young (18432K), 9 survivors (18432K)
 Metaspace       used 152634K, capacity 155886K, committed 157440K, reserved 1187840K
  class space    used 17291K, capacity 18486K, committed 18944K, reserved 1048576K
}

Deoptimization events (20 events):
Event: 247243.501 Thread 0x000002ab1c7ad800 DEOPT PACKING pc=0x000002ab60ef1bec sp=0x000000e6f47f78a0
Event: 247243.501 Thread 0x000002ab1c7ad800 DEOPT UNPACKING pc=0x000002ab5e12a95e sp=0x000000e6f47f6d48 mode 1
Event: 247244.666 Thread 0x000002ab1c7a9800 DEOPT PACKING pc=0x000002ab62151ed4 sp=0x000000e6f46f84c0
Event: 247244.666 Thread 0x000002ab1c7a9800 DEOPT UNPACKING pc=0x000002ab5e12a95e sp=0x000000e6f46f7a18 mode 1
Event: 247312.900 Thread 0x000002ab1c7a7000 DEOPT PACKING pc=0x000002ab62151ed4 sp=0x000000e6f41f83c0
Event: 247312.900 Thread 0x000002ab1c7a7000 DEOPT UNPACKING pc=0x000002ab5e12a95e sp=0x000000e6f41f7918 mode 1
Event: 252845.757 Thread 0x000002ab1c79e800 Uncommon trap: trap_request=0xffffff4d fr.pc=0x000002ab6770d68c relative=0x00000000000018ec
Event: 252845.757 Thread 0x000002ab1c79e800 Uncommon trap: reason=unstable_if action=reinterpret pc=0x000002ab6770d68c method=java.util.concurrent.ScheduledThreadPoolExecutor$DelayedWorkQueue.take()Ljava/util/concurrent/RunnableScheduledFuture; @ 59 c2
Event: 252845.757 Thread 0x000002ab1c79e800 DEOPT PACKING pc=0x000002ab6770d68c sp=0x000000e6f3eff130
Event: 252845.758 Thread 0x000002ab1c79e800 DEOPT UNPACKING pc=0x000002ab5e12a1af sp=0x000000e6f3eff130 mode 2
Event: 255428.126 Thread 0x000002ab0efb1000 Uncommon trap: trap_request=0xffffff4d fr.pc=0x000002ab660c2178 relative=0x0000000000000b98
Event: 255428.126 Thread 0x000002ab0efb1000 Uncommon trap: reason=unstable_if action=reinterpret pc=0x000002ab660c2178 method=java.util.concurrent.ConcurrentHashMap.addCount(JI)V @ 97 c2
Event: 255428.127 Thread 0x000002ab0efb1000 DEOPT PACKING pc=0x000002ab660c2178 sp=0x000000e6f0cfefb0
Event: 255428.127 Thread 0x000002ab0efb1000 DEOPT UNPACKING pc=0x000002ab5e12a1af sp=0x000000e6f0cfeea8 mode 2
Event: 265459.369 Thread 0x000002ab0ac9a000 Uncommon trap: trap_request=0xffffff4d fr.pc=0x000002ab661fe21c relative=0x0000000000001f3c
Event: 265459.369 Thread 0x000002ab0ac9a000 Uncommon trap: reason=unstable_if action=reinterpret pc=0x000002ab661fe21c method=java.util.concurrent.ConcurrentHashMap.addCount(JI)V @ 97 c2
Event: 265459.369 Thread 0x000002ab0ac9a000 DEOPT PACKING pc=0x000002ab661fe21c sp=0x000000e6f3bff060
Event: 265459.369 Thread 0x000002ab0ac9a000 DEOPT UNPACKING pc=0x000002ab5e12a1af sp=0x000000e6f3bfef50 mode 2
Event: 267657.660 Thread 0x000002ab7c240000 DEOPT PACKING pc=0x000002ab609daef1 sp=0x000000e6f16ff380
Event: 267657.661 Thread 0x000002ab7c240000 DEOPT UNPACKING pc=0x000002ab5e12a95e sp=0x000000e6f16fe860 mode 0

Classes redefined (0 events):
No events

Internal exceptions (20 events):
Event: 235716.989 Thread 0x000002ab0dd37800 Exception <a 'java/net/ConnectException'{0x000000061abe36d8}: Connection refused: connect> (0x000000061abe36d8) thrown at [./src/hotspot/share/prims/jni.cpp, line 639]
Event: 235716.992 Thread 0x000002ab0dd37800 Exception <a 'java/net/ConnectException'{0x000000061abe4c90}: Connection refused: connect> (0x000000061abe4c90) thrown at [./src/hotspot/share/prims/jni.cpp, line 639]
Event: 235717.015 Thread 0x000002ab0dd37800 Exception <a 'java/lang/reflect/InvocationTargetException'{0x000000061a886a88}> (0x000000061a886a88) thrown at [./src/hotspot/share/runtime/reflection.cpp, line 1253]
Event: 235717.033 Thread 0x000002ab0dd37800 Exception <a 'java/net/ConnectException'{0x000000061a8bf1b8}: Connection refused: connect> (0x000000061a8bf1b8) thrown at [./src/hotspot/share/prims/jni.cpp, line 639]
Event: 235717.034 Thread 0x000002ab0dd37800 Exception <a 'java/net/ConnectException'{0x000000061a8bfc28}: Connection refused: connect> (0x000000061a8bfc28) thrown at [./src/hotspot/share/prims/jni.cpp, line 639]
Event: 235717.043 Thread 0x000002ab0dd37800 Exception <a 'java/lang/reflect/InvocationTargetException'{0x000000061a8e4170}> (0x000000061a8e4170) thrown at [./src/hotspot/share/runtime/reflection.cpp, line 1253]
Event: 247231.646 Thread 0x000002ab1c7ab000 Implicit null exception at 0x000002ab65f1dee9 to 0x000002ab65f1e860
Event: 247231.646 Thread 0x000002ab1c7a6000 Implicit null exception at 0x000002ab65f1dee9 to 0x000002ab65f1e860
Event: 247231.647 Thread 0x000002ab1c7ab000 Implicit null exception at 0x000002ab6741169a to 0x000002ab674124fc
Event: 247231.647 Thread 0x000002ab1c7a6000 Implicit null exception at 0x000002ab65e429f4 to 0x000002ab65e42a64
Event: 247231.648 Thread 0x000002ab1c7a6000 Implicit null exception at 0x000002ab673ca76f to 0x000002ab673cadc4
Event: 247231.655 Thread 0x000002ab1c7ab000 Implicit null exception at 0x000002ab664e4d86 to 0x000002ab664e56ec
Event: 247231.655 Thread 0x000002ab1c7a9800 Implicit null exception at 0x000002ab664e4d86 to 0x000002ab664e56ec
Event: 247231.655 Thread 0x000002ab1c7a6000 Implicit null exception at 0x000002ab664e4d86 to 0x000002ab664e56ec
Event: 247240.734 Thread 0x000002ab1c79f800 Exception <a 'java/lang/ClassNotFoundException'{0x00000006268c5d30}: java/lang/ObjectCustomizer> (0x00000006268c5d30) thrown at [./src/hotspot/share/classfile/systemDictionary.cpp, line 232]
Event: 247240.738 Thread 0x000002ab1c79f800 Exception <a 'java/lang/ClassNotFoundException'{0x00000006268eab90}: fi/vm/sade/eperusteet/dto/peruste/TiedoteQueryCustomizer> (0x00000006268eab90) thrown at [./src/hotspot/share/classfile/systemDictionary.cpp, line 232]
Event: 247240.739 Thread 0x000002ab1c79f800 Implicit null exception at 0x000002ab6615ab84 to 0x000002ab661647b8
Event: 247240.741 Thread 0x000002ab1c79f800 Implicit null exception at 0x000002ab6735094d to 0x000002ab67350a14
Event: 247240.747 Thread 0x000002ab1c79f800 Implicit null exception at 0x000002ab661527de to 0x000002ab66152bb4
Event: 274394.623 Thread 0x000002ab7cfec000 Exception <a 'java/lang/UnsupportedClassVersionError'{0x00000006269671e8}: fi/vm/sade/eperusteet/domain/ProjektiTila$5 has been compiled by a more recent version of the Java Runtime (class file version 61.0), this version of the Java Runtime only recognizes class file versions up to 55.0> (0x00000006269671e8) thrown at [./src/hotspot/share/classfile/classFileParser.cpp, line 4919]

Events (20 events):
Event: 274352.601 Thread 0x000002ab0efb4000 Thread added: 0x000002ab0efb4000
Event: 274352.602 Thread 0x000002ab0efb5000 Thread added: 0x000002ab0efb5000
Event: 274352.602 Executing VM operation: BulkRevokeBias
Event: 274352.603 Executing VM operation: BulkRevokeBias done
Event: 274357.613 Executing VM operation: RevokeBias
Event: 274357.613 Executing VM operation: RevokeBias done
Event: 274357.613 Thread 0x000002ab0efb4000 Thread exited: 0x000002ab0efb4000
Event: 274357.643 Executing VM operation: RevokeBias
Event: 274357.644 Executing VM operation: RevokeBias done
Event: 274357.644 Thread 0x000002ab0efb5000 Thread exited: 0x000002ab0efb5000
Event: 274361.507 Thread 0x000002ab0efb5000 Thread added: 0x000002ab0efb5000
Event: 274361.507 Thread 0x000002ab0efb1000 Thread added: 0x000002ab0efb1000
Event: 274366.511 Executing VM operation: RevokeBias
Event: 274366.511 Executing VM operation: RevokeBias done
Event: 274366.511 Thread 0x000002ab0efb5000 Thread exited: 0x000002ab0efb5000
Event: 274366.542 Executing VM operation: RevokeBias
Event: 274366.542 Executing VM operation: RevokeBias done
Event: 274366.542 Thread 0x000002ab0efb1000 Thread exited: 0x000002ab0efb1000
Event: 274379.228 Thread 0x000002ab0efb3800 Thread added: 0x000002ab0efb3800
Event: 274379.229 Thread 0x000002ab0efb5000 Thread added: 0x000002ab0efb5000


Dynamic libraries:
0x00007ff6d58c0000 - 0x00007ff6d58cd000 	C:\dev\dcevm-11.0.15+1\bin\java.exe
0x00007ffbc2370000 - 0x00007ffbc2568000 	C:\Windows\SYSTEM32\ntdll.dll
0x00007ffbc0680000 - 0x00007ffbc0742000 	C:\Windows\System32\KERNEL32.DLL
0x00007ffbbfbe0000 - 0x00007ffbbfede000 	C:\Windows\System32\KERNELBASE.dll
0x00007ffbc0010000 - 0x00007ffbc0110000 	C:\Windows\System32\ucrtbase.dll
0x00007ffbbbfa0000 - 0x00007ffbbbfb7000 	C:\dev\dcevm-11.0.15+1\bin\jli.dll
0x00007ffbbbfc0000 - 0x00007ffbbbfdb000 	C:\dev\dcevm-11.0.15+1\bin\VCRUNTIME140.dll
0x00007ffbc1600000 - 0x00007ffbc179d000 	C:\Windows\System32\USER32.dll
0x00007ffbc0110000 - 0x00007ffbc0132000 	C:\Windows\System32\win32u.dll
0x00007ffbb3ff0000 - 0x00007ffbb428a000 	C:\Windows\WinSxS\amd64_microsoft.windows.common-controls_6595b64144ccf1df_6.0.19041.4355_none_60b8b9eb71f62e16\COMCTL32.dll
0x00007ffbc2100000 - 0x00007ffbc212b000 	C:\Windows\System32\GDI32.dll
0x00007ffbc11a0000 - 0x00007ffbc123e000 	C:\Windows\System32\msvcrt.dll
0x00007ffbbfac0000 - 0x00007ffbbfbd7000 	C:\Windows\System32\gdi32full.dll
0x00007ffbbff70000 - 0x00007ffbc000d000 	C:\Windows\System32\msvcp_win.dll
0x00007ffbc18c0000 - 0x00007ffbc18ef000 	C:\Windows\System32\IMM32.DLL
0x000002ab540a0000 - 0x000002ab540b4000 	C:\Windows\System32\umppc18721.dll
0x00007ffba0b40000 - 0x00007ffba0bce000 	C:\dev\dcevm-11.0.15+1\bin\msvcp140.dll
0x00007ffb8aae0000 - 0x00007ffb8aaec000 	C:\Windows\SYSTEM32\VCRUNTIME140_1.dll
0x00007ffb48eb0000 - 0x00007ffb49a06000 	C:\dev\dcevm-11.0.15+1\bin\server\jvm.dll
0x00007ffbc03f0000 - 0x00007ffbc04a2000 	C:\Windows\System32\ADVAPI32.dll
0x00007ffbc2060000 - 0x00007ffbc2100000 	C:\Windows\System32\sechost.dll
0x00007ffbc1f30000 - 0x00007ffbc2053000 	C:\Windows\System32\RPCRT4.dll
0x00007ffbc0190000 - 0x00007ffbc01b7000 	C:\Windows\System32\bcrypt.dll
0x00007ffbc18b0000 - 0x00007ffbc18b8000 	C:\Windows\System32\PSAPI.DLL
0x00007ffb8c5c0000 - 0x00007ffb8c5c9000 	C:\Windows\SYSTEM32\WSOCK32.dll
0x00007ffbc1130000 - 0x00007ffbc119b000 	C:\Windows\System32\WS2_32.dll
0x00007ffba8f20000 - 0x00007ffba8f47000 	C:\Windows\SYSTEM32\WINMM.dll
0x00007ffbb3e80000 - 0x00007ffbb3e8a000 	C:\Windows\SYSTEM32\VERSION.dll
0x00007ffbbdea0000 - 0x00007ffbbdeb2000 	C:\Windows\SYSTEM32\kernel.appcore.dll
0x00007ffbb8ea0000 - 0x00007ffbb8eb0000 	C:\dev\dcevm-11.0.15+1\bin\verify.dll
0x00007ffbbdc30000 - 0x00007ffbbde14000 	C:\Windows\SYSTEM32\DBGHELP.DLL
0x00007ffbb3a00000 - 0x00007ffbb3a34000 	C:\Windows\SYSTEM32\dbgcore.DLL
0x00007ffbbfee0000 - 0x00007ffbbff62000 	C:\Windows\System32\bcryptPrimitives.dll
0x00007ffbb42d0000 - 0x00007ffbb42f8000 	C:\dev\dcevm-11.0.15+1\bin\java.dll
0x00007ffbb86c0000 - 0x00007ffbb86ca000 	C:\dev\dcevm-11.0.15+1\bin\jimage.dll
0x00007ffba0d10000 - 0x00007ffba0d49000 	C:\dev\dcevm-11.0.15+1\bin\jdwp.dll
0x00007ffbb86b0000 - 0x00007ffbb86be000 	C:\dev\dcevm-11.0.15+1\bin\instrument.dll
0x00007ffba0cb0000 - 0x00007ffba0cc8000 	C:\dev\dcevm-11.0.15+1\bin\zip.dll
0x00007ffbc0750000 - 0x00007ffbc0ebf000 	C:\Windows\System32\SHELL32.dll
0x00007ffbbd3b0000 - 0x00007ffbbdb54000 	C:\Windows\SYSTEM32\windows.storage.dll
0x00007ffbc1240000 - 0x00007ffbc1593000 	C:\Windows\System32\combase.dll
0x00007ffbbf360000 - 0x00007ffbbf38e000 	C:\Windows\SYSTEM32\Wldp.dll
0x00007ffbc1e50000 - 0x00007ffbc1f1d000 	C:\Windows\System32\OLEAUT32.dll
0x00007ffbc1800000 - 0x00007ffbc18ad000 	C:\Windows\System32\SHCORE.dll
0x00007ffbc17a0000 - 0x00007ffbc17f5000 	C:\Windows\System32\shlwapi.dll
0x00007ffbbf940000 - 0x00007ffbbf964000 	C:\Windows\SYSTEM32\profapi.dll
0x00007ffbaf100000 - 0x00007ffbaf10a000 	C:\dev\dcevm-11.0.15+1\bin\dt_socket.dll
0x00007ffbbf140000 - 0x00007ffbbf1aa000 	C:\Windows\system32\mswsock.dll
0x00007ffba0c90000 - 0x00007ffba0ca9000 	C:\dev\dcevm-11.0.15+1\bin\net.dll
0x00007ffbbe990000 - 0x00007ffbbea9d000 	C:\Windows\SYSTEM32\WINHTTP.dll
0x00007ffba0b20000 - 0x00007ffba0b32000 	C:\dev\dcevm-11.0.15+1\bin\nio.dll
0x00007ffba8c10000 - 0x00007ffba8c19000 	C:\dev\dcevm-11.0.15+1\bin\management.dll
0x00007ffba0c80000 - 0x00007ffba0c8b000 	C:\dev\dcevm-11.0.15+1\bin\management_ext.dll
0x00007ffb8c750000 - 0x00007ffb8c767000 	C:\Windows\system32\napinsp.dll
0x00007ffb8c770000 - 0x00007ffb8c78b000 	C:\Windows\system32\pnrpnsp.dll
0x00007ffbbaeb0000 - 0x00007ffbbaec5000 	C:\Windows\system32\wshbth.dll
0x00007ffbbad10000 - 0x00007ffbbad2d000 	C:\Windows\system32\NLAapi.dll
0x00007ffbbedf0000 - 0x00007ffbbee2b000 	C:\Windows\SYSTEM32\IPHLPAPI.DLL
0x00007ffbbee40000 - 0x00007ffbbef0a000 	C:\Windows\SYSTEM32\DNSAPI.dll
0x00007ffbc1f20000 - 0x00007ffbc1f28000 	C:\Windows\System32\NSI.dll
0x00007ffb8f1f0000 - 0x00007ffb8f202000 	C:\Windows\System32\winrnr.dll
0x00007ffbb8940000 - 0x00007ffbb894a000 	C:\Windows\System32\rasadhlp.dll
0x00007ffbb5bb0000 - 0x00007ffbb5c30000 	C:\Windows\System32\fwpuclnt.dll
0x00007ffbbf3a0000 - 0x00007ffbbf3b8000 	C:\Windows\SYSTEM32\CRYPTSP.dll
0x00007ffbbe900000 - 0x00007ffbbe934000 	C:\Windows\system32\rsaenh.dll
0x00007ffbbf8c0000 - 0x00007ffbbf8ee000 	C:\Windows\SYSTEM32\USERENV.dll
0x00007ffbbf2d0000 - 0x00007ffbbf2dc000 	C:\Windows\SYSTEM32\CRYPTBASE.dll
0x00007ffbb9780000 - 0x00007ffbb9797000 	C:\Windows\SYSTEM32\dhcpcsvc6.DLL
0x00007ffbb95a0000 - 0x00007ffbb95bd000 	C:\Windows\SYSTEM32\dhcpcsvc.DLL
0x00007ffb9f950000 - 0x00007ffb9f977000 	C:\dev\dcevm-11.0.15+1\bin\sunec.dll
0x00007ffba0bf0000 - 0x00007ffba0bfd000 	C:\dev\dcevm-11.0.15+1\bin\sunmscapi.dll
0x00007ffbc0230000 - 0x00007ffbc038c000 	C:\Windows\System32\CRYPT32.dll
0x00007ffbbf4b0000 - 0x00007ffbbf4d7000 	C:\Windows\SYSTEM32\ncrypt.dll
0x00007ffbbf470000 - 0x00007ffbbf4ab000 	C:\Windows\SYSTEM32\NTASN1.dll

dbghelp: loaded successfully - version: 4.0.5 - missing functions: none
symbol engine: initialized successfully - sym options: 0x614 - pdb path: .;C:\dev\dcevm-11.0.15+1\bin;C:\Windows\SYSTEM32;C:\Windows\WinSxS\amd64_microsoft.windows.common-controls_6595b64144ccf1df_6.0.19041.4355_none_60b8b9eb71f62e16;C:\dev\dcevm-11.0.15+1\bin\server

VM Arguments:
jvm_args: -agentlib:jdwp=transport=dt_socket,address=127.0.0.1:61672,suspend=y,server=n -javaagent:C:\Users\olli-pekka.lehtokall\AppData\Local\JetBrains\IdeaIC2024.1\captureAgent\debugger-agent.jar -Dfile.encoding=UTF-8 
java_command: fi.vm.sade.eperusteet.EperusteetApplication
java_class_path (initial): C:\workspace\eperusteet\eperusteet\eperusteet-service\target\classes;C:\Users\olli-pekka.lehtokall\.m2\repository\org\springframework\boot\spring-boot-starter-data-jpa\2.7.18\spring-boot-starter-data-jpa-2.7.18.jar;C:\Users\olli-pekka.lehtokall\.m2\repository\org\springframework\boot\spring-boot-starter-aop\2.7.18\spring-boot-starter-aop-2.7.18.jar;C:\Users\olli-pekka.lehtokall\.m2\repository\org\aspectj\aspectjweaver\1.9.7\aspectjweaver-1.9.7.jar;C:\Users\olli-pekka.lehtokall\.m2\repository\org\springframework\boot\spring-boot-starter-jdbc\2.7.18\spring-boot-starter-jdbc-2.7.18.jar;C:\Users\olli-pekka.lehtokall\.m2\repository\jakarta\transaction\jakarta.transaction-api\1.3.3\jakarta.transaction-api-1.3.3.jar;C:\Users\olli-pekka.lehtokall\.m2\repository\jakarta\persistence\jakarta.persistence-api\2.2.3\jakarta.persistence-api-2.2.3.jar;C:\Users\olli-pekka.lehtokall\.m2\repository\org\hibernate\hibernate-core\5.6.15.Final\hibernate-core-5.6.15.Final.jar;C:\Users\olli-pekka.lehtokall\.m2\repository\antlr\antlr\2.7.7\antlr-2.7.7.jar;C:\Users\olli-pekka.lehtokall\.m2\repository\org\jboss\jandex\2.4.2.Final\jandex-2.4.2.Final.jar;C:\Users\olli-pekka.lehtokall\.m2\repository\org\hibernate\common\hibernate-commons-annotations\5.1.2.Final\hibernate-commons-annotations-5.1.2.Final.jar;C:\Users\olli-pekka.lehtokall\.m2\repository\org\springframework\data\spring-data-jpa\2.7.18\spring-data-jpa-2.7.18.jar;C:\Users\olli-pekka.lehtokall\.m2\repository\org\springframework\data\spring-data-commons\2.7.18\spring-data-commons-2.7.18.jar;C:\Users\olli-pekka.lehtokall\.m2\repository\org\springframework\spring-orm\5.3.31\spring-orm-5.3.31.jar;C:\Users\olli-pekka.lehtokall\.m2\repository\org\springframework\spring-tx\5.3.31\spring-tx-5.3.31.jar;C:\Users\olli-pekka.lehtokall\.m2\repository\org\springframework\spring-beans\5.3.31\spring-beans-5.3.31.jar;C:\Users\olli-pekka.lehtokall\.m2\repository\org\springframework\spring-aspects\5.3.31\spring-aspects-5.3.31.
Launcher Type: SUN_STANDARD

[Global flags]
     intx CICompilerCount                          = 12                                        {product} {ergonomic}
     uint ConcGCThreads                            = 3                                         {product} {ergonomic}
     uint G1ConcRefinementThreads                  = 13                                        {product} {ergonomic}
   size_t G1HeapRegionSize                         = 2097152                                   {product} {ergonomic}
    uintx GCDrainStackTargetSize                   = 64                                        {product} {ergonomic}
   size_t InitialHeapSize                          = 534773760                                 {product} {ergonomic}
   size_t MarkStackSize                            = 4194304                                   {product} {ergonomic}
   size_t MaxHeapSize                              = 8527020032                                {product} {ergonomic}
   size_t MaxNewSize                               = 5114953728                                {product} {ergonomic}
   size_t MinHeapDeltaBytes                        = 2097152                                   {product} {ergonomic}
    uintx NonNMethodCodeHeapSize                   = 7594288                                {pd product} {ergonomic}
    uintx NonProfiledCodeHeapSize                  = 122031976                              {pd product} {ergonomic}
    uintx ProfiledCodeHeapSize                     = 122031976                              {pd product} {ergonomic}
    uintx ReservedCodeCacheSize                    = 251658240                              {pd product} {ergonomic}
     bool SegmentedCodeCache                       = true                                      {product} {ergonomic}
     bool UseCompressedClassPointers               = true                                 {lp64_product} {ergonomic}
     bool UseCompressedOops                        = true                                 {lp64_product} {ergonomic}
     bool UseG1GC                                  = true                                      {product} {ergonomic}
     bool UseLargePagesIndividualAllocation        = false                                  {pd product} {ergonomic}

Logging:
Log output configuration:
 #0: stdout all=warning uptime,level,tags
 #1: stderr all=off uptime,level,tags

Environment Variables:
JAVA_HOME=C:\Program Files\Amazon Corretto\jdk11.0.16_9
PATH=C:\workspace\JEnv-for-Windows;C:\Windows\system32;C:\Windows;C:\Windows\System32\Wbem;C:\Windows\System32\WindowsPowerShell\v1.0\;C:\Windows\System32\OpenSSH\;C:\Program Files\Microsoft VS Code\bin;C:\Program Files\dotnet\;C:\Users\olli-pekka.lehtokall\AppData\Roaming\nvm;C:\Program Files\PuTTY\;C:\Program Files\NVIDIA Corporation\NVIDIA NvDLISR;C:\Program Files\Docker\Docker\resources\bin;C:\Users\olli-pekka.lehtokall\AppData\Roaming\nvm;C:\Program Files\nodejs;C:\Program Files\Amazon\SessionManagerPlugin\bin\;C:\Program Files\Git\cmd;C:\Program Files\Amazon\AWSCLIV2\;C:\Users\olli-pekka.lehtokall\scoop\shims;C:\Users\olli-pekka.lehtokall\AppData\Local\Microsoft\WindowsApps;C:\Program Files\JetBrains\IntelliJ IDEA 2022.2.1\bin;C:\Program Files\JetBrains\DataGrip 2022.2.2\bin;C:\dev\apache-maven-3.8.6\bin;C:\Users\olli-pekka.lehtokall\AppData\Roaming\nvm;C:\Users\olli-pekka.lehtokall\AppData\Local\Programs\Python\Python310;C:\Users\olli-pekka.lehtokall\AppData\Local\Programs\Python\Python310\Scripts;C:\Users\olli-pekka.lehtokall\scoop\apps\just\current\just.exe;C:\Users\olli-pekka.lehtokall\AppData\Roaming\nvm;C:\Program Files\nodejs;C:\Users\olli-pekka.lehtokall\AppData\Local\Microsoft\WinGet\Packages\JesseDuffield.lazygit_Microsoft.Winget.Source_8wekyb3d8bbwe;C:\workspace\JEnv-for-Windows;C:\dev\bin-softs;
USERNAME=Olli-PekkaLehtokalli
OS=Windows_NT
PROCESSOR_IDENTIFIER=Intel64 Family 6 Model 165 Stepping 2, GenuineIntel



---------------  S Y S T E M  ---------------

OS: Windows 10 , 64 bit Build 19041 (10.0.19041.4957)
OS uptime: 7 days 10:36 hours
Hyper-V role detected

CPU:total 16 (initial active 16) (8 cores per cpu, 2 threads per core) family 6 model 165 stepping 2 microcode 0xec, cmov, cx8, fxsr, mmx, sse, sse2, sse3, ssse3, sse4.1, sse4.2, popcnt, avx, avx2, aes, clmul, erms, 3dnowpref, lzcnt, ht, tsc, tscinvbit, bmi1, bmi2, adx, fma

Memory: 4k page, system-wide physical 32520M (5107M free)
TotalPageFile size 61192M (AvailPageFile size 14774M)
current process WorkingSet (physical memory assigned to process): 694M, peak: 1381M
current process commit charge ("private bytes"): 1077M, peak: 1550M

vm_info: Dynamic Code Evolution 64-Bit Server VM (11.0.15+1-202204281500) for windows-amd64 JRE (11.0.15+1-202204281500), built on Apr 28 2022 15:17:01 by "" with unknown MS VC++:1929

END.
